2021-08-05 17:05:34,488 - [read_excel.py -->line:38] - INFO : 正在读取excel数据, file_path--> D:\Python\pythonproject\api_automation_ebuy\data\api_automation_ebuy.xlsx, sheet_name--> login
2021-08-05 17:05:34,512 - [read_excel.py -->line:49] - INFO : 正在关闭工作簿, file_path--> D:\Python\pythonproject\api_automation_ebuy\data\api_automation_ebuy.xlsx, sheet_name--> login
2021-08-05 17:05:34,513 - [read_excel.py -->line:38] - INFO : 正在读取excel数据, file_path--> D:\Python\pythonproject\api_automation_ebuy\data\api_automation_ebuy.xlsx, sheet_name--> register
2021-08-05 17:05:34,533 - [read_excel.py -->line:49] - INFO : 正在关闭工作簿, file_path--> D:\Python\pythonproject\api_automation_ebuy\data\api_automation_ebuy.xlsx, sheet_name--> register
2021-08-05 17:05:34,534 - [test_login.py -->line:30] - INFO : ============================== 开始执行登录接口测试 ==============================
2021-08-05 17:05:34,534 - [http_request.py -->line:37] - INFO : 正在发送请求,地址:http://localhost:8080/ebuy/Login,方法:post,参数:{'loginName': 'admin', 'password': '123456', 'action': 'login'},类型:form-data,请求头:{'User-Agent': 'Apache-HttpClient/4.5.12 (Java/1.8.0_261)'}
2021-08-05 17:05:36,553 - [test_login.py -->line:66] - INFO : 预期结果:{'data': '登陆成功！', 'message': '操作成功！', 'status': 1}, 实际结果:{'data': '登陆成功！', 'message': '操作成功！', 'status': 1}, 断言结果:PASS
2021-08-05 17:05:36,553 - [read_excel.py -->line:38] - INFO : 正在读取excel数据, file_path--> D:\Python\pythonproject\api_automation_ebuy\data\api_automation_ebuy.xlsx, sheet_name--> login
2021-08-05 17:05:36,576 - [read_excel.py -->line:192] - INFO : 正在写入数据, row--> 2, column--> 9, value--> {'data': '登陆成功！', 'message': '操作成功！', 'status': 1}
2021-08-05 17:05:36,601 - [read_excel.py -->line:49] - INFO : 正在关闭工作簿, file_path--> D:\Python\pythonproject\api_automation_ebuy\data\api_automation_ebuy.xlsx, sheet_name--> login
2021-08-05 17:05:36,602 - [read_excel.py -->line:38] - INFO : 正在读取excel数据, file_path--> D:\Python\pythonproject\api_automation_ebuy\data\api_automation_ebuy.xlsx, sheet_name--> login
2021-08-05 17:05:36,622 - [read_excel.py -->line:192] - INFO : 正在写入数据, row--> 2, column--> 10, value--> PASS
2021-08-05 17:05:36,643 - [read_excel.py -->line:49] - INFO : 正在关闭工作簿, file_path--> D:\Python\pythonproject\api_automation_ebuy\data\api_automation_ebuy.xlsx, sheet_name--> login
2021-08-05 17:05:36,643 - [http_request.py -->line:37] - INFO : 正在发送请求,地址:http://localhost:8080/ebuy/Login,方法:post,参数:{'loginName': 'cgn', 'password': '123456', 'action': 'login'},类型:form-data,请求头:{'User-Agent': 'Apache-HttpClient/4.5.12 (Java/1.8.0_261)'}
2021-08-05 17:05:38,660 - [test_login.py -->line:66] - INFO : 预期结果:{'data': '登陆成功！', 'message': '操作成功！', 'status': 1}, 实际结果:{'data': '登陆成功！', 'message': '操作成功！', 'status': 1}, 断言结果:PASS
2021-08-05 17:05:38,660 - [read_excel.py -->line:38] - INFO : 正在读取excel数据, file_path--> D:\Python\pythonproject\api_automation_ebuy\data\api_automation_ebuy.xlsx, sheet_name--> login
2021-08-05 17:05:38,680 - [read_excel.py -->line:192] - INFO : 正在写入数据, row--> 3, column--> 9, value--> {'data': '登陆成功！', 'message': '操作成功！', 'status': 1}
2021-08-05 17:05:38,699 - [read_excel.py -->line:49] - INFO : 正在关闭工作簿, file_path--> D:\Python\pythonproject\api_automation_ebuy\data\api_automation_ebuy.xlsx, sheet_name--> login
2021-08-05 17:05:38,699 - [read_excel.py -->line:38] - INFO : 正在读取excel数据, file_path--> D:\Python\pythonproject\api_automation_ebuy\data\api_automation_ebuy.xlsx, sheet_name--> login
2021-08-05 17:05:38,718 - [read_excel.py -->line:192] - INFO : 正在写入数据, row--> 3, column--> 10, value--> PASS
2021-08-05 17:05:38,747 - [read_excel.py -->line:49] - INFO : 正在关闭工作簿, file_path--> D:\Python\pythonproject\api_automation_ebuy\data\api_automation_ebuy.xlsx, sheet_name--> login
2021-08-05 17:05:38,747 - [http_request.py -->line:37] - INFO : 正在发送请求,地址:http://localhost:8080/ebuy/Login,方法:post,参数:{'password': '123456', 'action': 'login'},类型:form-data,请求头:{'User-Agent': 'Apache-HttpClient/4.5.12 (Java/1.8.0_261)'}
2021-08-05 17:05:40,760 - [test_login.py -->line:62] - ERROR : {'data': '请输入用户名！', 'message': '操作失败！', 'status': 0} != {'data': '登陆成功！', 'message': '操作成功！', 'status': 1}
- {'data': '请输入用户名！', 'message': '操作失败！', 'status': 0}
?           ^^^^^^                  ^^              ^

+ {'data': '登陆成功！', 'message': '操作成功！', 'status': 1}
?           ^^^^                  ^^              ^
Traceback (most recent call last):
  File "D:\Python\pythonproject\api_automation_ebuy\test_cases\test_login.py", line 59, in test_login
    self.assertEqual(eval(case.expected_data), res)
  File "C:\Users\99162\AppData\Local\Programs\Python\Python37\lib\unittest\case.py", line 852, in assertEqual
    assertion_func(first, second, msg=msg)
  File "C:\Users\99162\AppData\Local\Programs\Python\Python37\lib\unittest\case.py", line 1151, in assertDictEqual
    self.fail(self._formatMessage(msg, standardMsg))
  File "C:\Users\99162\AppData\Local\Programs\Python\Python37\lib\unittest\case.py", line 693, in fail
    raise self.failureException(msg)
AssertionError: {'data': '请输入用户名！', 'message': '操作失败！', 'status': 0} != {'data': '登陆成功！', 'message': '操作成功！', 'status': 1}
- {'data': '请输入用户名！', 'message': '操作失败！', 'status': 0}
?           ^^^^^^                  ^^              ^

+ {'data': '登陆成功！', 'message': '操作成功！', 'status': 1}
?           ^^^^                  ^^              ^

2021-08-05 17:05:40,761 - [read_excel.py -->line:38] - INFO : 正在读取excel数据, file_path--> D:\Python\pythonproject\api_automation_ebuy\data\api_automation_ebuy.xlsx, sheet_name--> login
2021-08-05 17:05:40,783 - [read_excel.py -->line:192] - INFO : 正在写入数据, row--> 4, column--> 9, value--> {'data': '登陆成功！', 'message': '操作成功！', 'status': 1}
2021-08-05 17:05:40,803 - [read_excel.py -->line:49] - INFO : 正在关闭工作簿, file_path--> D:\Python\pythonproject\api_automation_ebuy\data\api_automation_ebuy.xlsx, sheet_name--> login
2021-08-05 17:05:40,803 - [read_excel.py -->line:38] - INFO : 正在读取excel数据, file_path--> D:\Python\pythonproject\api_automation_ebuy\data\api_automation_ebuy.xlsx, sheet_name--> login
2021-08-05 17:05:40,823 - [read_excel.py -->line:192] - INFO : 正在写入数据, row--> 4, column--> 10, value--> FAIL
2021-08-05 17:05:40,842 - [read_excel.py -->line:49] - INFO : 正在关闭工作簿, file_path--> D:\Python\pythonproject\api_automation_ebuy\data\api_automation_ebuy.xlsx, sheet_name--> login
2021-08-05 17:05:40,842 - [http_request.py -->line:37] - INFO : 正在发送请求,地址:http://localhost:8080/ebuy/Login,方法:post,参数:{'loginName': '', 'password': '123456', 'action': 'login'},类型:form-data,请求头:{'User-Agent': 'Apache-HttpClient/4.5.12 (Java/1.8.0_261)'}
2021-08-05 17:05:42,855 - [test_login.py -->line:62] - ERROR : {'data': '请输入用户名！', 'message': '操作失败！', 'status': 0} != {'data': '登陆成功！', 'message': '操作成功！', 'status': 1}
- {'data': '请输入用户名！', 'message': '操作失败！', 'status': 0}
?           ^^^^^^                  ^^              ^

+ {'data': '登陆成功！', 'message': '操作成功！', 'status': 1}
?           ^^^^                  ^^              ^
Traceback (most recent call last):
  File "D:\Python\pythonproject\api_automation_ebuy\test_cases\test_login.py", line 59, in test_login
    self.assertEqual(eval(case.expected_data), res)
  File "C:\Users\99162\AppData\Local\Programs\Python\Python37\lib\unittest\case.py", line 852, in assertEqual
    assertion_func(first, second, msg=msg)
  File "C:\Users\99162\AppData\Local\Programs\Python\Python37\lib\unittest\case.py", line 1151, in assertDictEqual
    self.fail(self._formatMessage(msg, standardMsg))
  File "C:\Users\99162\AppData\Local\Programs\Python\Python37\lib\unittest\case.py", line 693, in fail
    raise self.failureException(msg)
AssertionError: {'data': '请输入用户名！', 'message': '操作失败！', 'status': 0} != {'data': '登陆成功！', 'message': '操作成功！', 'status': 1}
- {'data': '请输入用户名！', 'message': '操作失败！', 'status': 0}
?           ^^^^^^                  ^^              ^

+ {'data': '登陆成功！', 'message': '操作成功！', 'status': 1}
?           ^^^^                  ^^              ^

2021-08-05 17:05:42,856 - [read_excel.py -->line:38] - INFO : 正在读取excel数据, file_path--> D:\Python\pythonproject\api_automation_ebuy\data\api_automation_ebuy.xlsx, sheet_name--> login
2021-08-05 17:05:42,874 - [read_excel.py -->line:192] - INFO : 正在写入数据, row--> 5, column--> 9, value--> {'data': '登陆成功！', 'message': '操作成功！', 'status': 1}
2021-08-05 17:05:42,893 - [read_excel.py -->line:49] - INFO : 正在关闭工作簿, file_path--> D:\Python\pythonproject\api_automation_ebuy\data\api_automation_ebuy.xlsx, sheet_name--> login
2021-08-05 17:05:42,893 - [read_excel.py -->line:38] - INFO : 正在读取excel数据, file_path--> D:\Python\pythonproject\api_automation_ebuy\data\api_automation_ebuy.xlsx, sheet_name--> login
2021-08-05 17:05:42,911 - [read_excel.py -->line:192] - INFO : 正在写入数据, row--> 5, column--> 10, value--> FAIL
2021-08-05 17:05:42,930 - [read_excel.py -->line:49] - INFO : 正在关闭工作簿, file_path--> D:\Python\pythonproject\api_automation_ebuy\data\api_automation_ebuy.xlsx, sheet_name--> login
2021-08-05 17:05:42,930 - [http_request.py -->line:37] - INFO : 正在发送请求,地址:http://localhost:8080/ebuy/Login,方法:post,参数:{'loginName': 'dfsagas', 'password': '123456', 'action': 'login'},类型:form-data,请求头:{'User-Agent': 'Apache-HttpClient/4.5.12 (Java/1.8.0_261)'}
2021-08-05 17:05:44,947 - [test_login.py -->line:66] - INFO : 预期结果:{'message': '用户不存在！', 'status': -1}, 实际结果:{'message': '用户不存在！', 'status': -1}, 断言结果:PASS
2021-08-05 17:05:44,947 - [read_excel.py -->line:38] - INFO : 正在读取excel数据, file_path--> D:\Python\pythonproject\api_automation_ebuy\data\api_automation_ebuy.xlsx, sheet_name--> login
2021-08-05 17:05:44,969 - [read_excel.py -->line:192] - INFO : 正在写入数据, row--> 6, column--> 9, value--> {'message': '用户不存在！', 'status': -1}
2021-08-05 17:05:44,990 - [read_excel.py -->line:49] - INFO : 正在关闭工作簿, file_path--> D:\Python\pythonproject\api_automation_ebuy\data\api_automation_ebuy.xlsx, sheet_name--> login
2021-08-05 17:05:44,990 - [read_excel.py -->line:38] - INFO : 正在读取excel数据, file_path--> D:\Python\pythonproject\api_automation_ebuy\data\api_automation_ebuy.xlsx, sheet_name--> login
2021-08-05 17:05:45,009 - [read_excel.py -->line:192] - INFO : 正在写入数据, row--> 6, column--> 10, value--> PASS
2021-08-05 17:05:45,029 - [read_excel.py -->line:49] - INFO : 正在关闭工作簿, file_path--> D:\Python\pythonproject\api_automation_ebuy\data\api_automation_ebuy.xlsx, sheet_name--> login
2021-08-05 17:05:45,029 - [http_request.py -->line:37] - INFO : 正在发送请求,地址:http://localhost:8080/ebuy/Login,方法:post,参数:{'loginName': 'cgn', 'password': '', 'action': 'login'},类型:form-data,请求头:{'User-Agent': 'Apache-HttpClient/4.5.12 (Java/1.8.0_261)'}
2021-08-05 17:05:47,038 - [test_login.py -->line:66] - INFO : 预期结果:{'message': '密码错误！', 'status': -1}, 实际结果:{'message': '密码错误！', 'status': -1}, 断言结果:PASS
2021-08-05 17:05:47,038 - [read_excel.py -->line:38] - INFO : 正在读取excel数据, file_path--> D:\Python\pythonproject\api_automation_ebuy\data\api_automation_ebuy.xlsx, sheet_name--> login
2021-08-05 17:05:47,057 - [read_excel.py -->line:192] - INFO : 正在写入数据, row--> 7, column--> 9, value--> {'message': '密码错误！', 'status': -1}
2021-08-05 17:05:47,077 - [read_excel.py -->line:49] - INFO : 正在关闭工作簿, file_path--> D:\Python\pythonproject\api_automation_ebuy\data\api_automation_ebuy.xlsx, sheet_name--> login
2021-08-05 17:05:47,077 - [read_excel.py -->line:38] - INFO : 正在读取excel数据, file_path--> D:\Python\pythonproject\api_automation_ebuy\data\api_automation_ebuy.xlsx, sheet_name--> login
2021-08-05 17:05:47,096 - [read_excel.py -->line:192] - INFO : 正在写入数据, row--> 7, column--> 10, value--> PASS
2021-08-05 17:05:47,114 - [read_excel.py -->line:49] - INFO : 正在关闭工作簿, file_path--> D:\Python\pythonproject\api_automation_ebuy\data\api_automation_ebuy.xlsx, sheet_name--> login
2021-08-05 17:05:47,115 - [http_request.py -->line:37] - INFO : 正在发送请求,地址:http://localhost:8080/ebuy/Login,方法:post,参数:{'loginName': 'cgn', 'password': '111111', 'action': 'login'},类型:form-data,请求头:{'User-Agent': 'Apache-HttpClient/4.5.12 (Java/1.8.0_261)'}
2021-08-05 17:05:49,128 - [test_login.py -->line:66] - INFO : 预期结果:{'message': '密码错误！', 'status': -1}, 实际结果:{'message': '密码错误！', 'status': -1}, 断言结果:PASS
2021-08-05 17:05:49,128 - [read_excel.py -->line:38] - INFO : 正在读取excel数据, file_path--> D:\Python\pythonproject\api_automation_ebuy\data\api_automation_ebuy.xlsx, sheet_name--> login
2021-08-05 17:05:49,147 - [read_excel.py -->line:192] - INFO : 正在写入数据, row--> 8, column--> 9, value--> {'message': '密码错误！', 'status': -1}
2021-08-05 17:05:49,165 - [read_excel.py -->line:49] - INFO : 正在关闭工作簿, file_path--> D:\Python\pythonproject\api_automation_ebuy\data\api_automation_ebuy.xlsx, sheet_name--> login
2021-08-05 17:05:49,165 - [read_excel.py -->line:38] - INFO : 正在读取excel数据, file_path--> D:\Python\pythonproject\api_automation_ebuy\data\api_automation_ebuy.xlsx, sheet_name--> login
2021-08-05 17:05:49,184 - [read_excel.py -->line:192] - INFO : 正在写入数据, row--> 8, column--> 10, value--> PASS
2021-08-05 17:05:49,203 - [read_excel.py -->line:49] - INFO : 正在关闭工作簿, file_path--> D:\Python\pythonproject\api_automation_ebuy\data\api_automation_ebuy.xlsx, sheet_name--> login
2021-08-05 17:05:49,203 - [test_login.py -->line:35] - INFO : ============================== 登录接口测试执行完毕 ==============================
2021-08-05 17:05:49,204 - [test_register.py -->line:31] - INFO : ============================== 开始执行注册接口测试 ==============================
2021-08-05 17:05:49,205 - [execute_mysql.py -->line:23] - INFO : 数据库连接成功, host --> localhost, database --> easybuy
2021-08-05 17:05:49,205 - [http_request.py -->line:37] - INFO : 正在发送请求,地址:http://localhost:8080/ebuy/Register,方法:post,参数:{'loginName': 'tester00', 'password': '123456', 'userName': '李易峰', 'action': 'saveUserToDatabase', 'sex': 1, 'email': '362456534@qq.com', 'mobile': '15088661122', 'identityCode': '420116198811255875'},类型:form-data,请求头:{'User-Agent': 'Apache-HttpClient/4.5.12 (Java/1.8.0_261)'}
2021-08-05 17:05:54,223 - [execute_mysql.py -->line:28] - INFO : 正在执行查询数据库, sql --> select userName from easybuy_user where loginName="tester00";
2021-08-05 17:05:54,224 - [execute_mysql.py -->line:34] - INFO : 数据库查询成功, 查询结果 --> {'userName': '李易峰'}
2021-08-05 17:05:54,224 - [http_request.py -->line:37] - INFO : 正在发送请求,地址:http://localhost:8080/ebuy/Login,方法:post,参数:{'loginName': 'tester00', 'password': '123456', 'action': 'login'},类型:form-data,请求头:{'User-Agent': 'Apache-HttpClient/4.5.12 (Java/1.8.0_261)'}
2021-08-05 17:05:55,237 - [test_register.py -->line:86] - ERROR : {'message': '注册成功！', 'status': -1} != {'message': '用户已经存在！', 'status': -1}
- {'message': '注册成功！', 'status': -1}
?              ^^^^

+ {'message': '用户已经存在！', 'status': -1}
?              ^^^^^^
Traceback (most recent call last):
  File "D:\Python\pythonproject\api_automation_ebuy\test_cases\test_register.py", line 81, in test_register
    self.assertEqual(eval(case.expected_data), res)
  File "C:\Users\99162\AppData\Local\Programs\Python\Python37\lib\unittest\case.py", line 852, in assertEqual
    assertion_func(first, second, msg=msg)
  File "C:\Users\99162\AppData\Local\Programs\Python\Python37\lib\unittest\case.py", line 1151, in assertDictEqual
    self.fail(self._formatMessage(msg, standardMsg))
  File "C:\Users\99162\AppData\Local\Programs\Python\Python37\lib\unittest\case.py", line 693, in fail
    raise self.failureException(msg)
AssertionError: {'message': '注册成功！', 'status': -1} != {'message': '用户已经存在！', 'status': -1}
- {'message': '注册成功！', 'status': -1}
?              ^^^^

+ {'message': '用户已经存在！', 'status': -1}
?              ^^^^^^

2021-08-05 17:05:55,238 - [read_excel.py -->line:38] - INFO : 正在读取excel数据, file_path--> D:\Python\pythonproject\api_automation_ebuy\data\api_automation_ebuy.xlsx, sheet_name--> register
2021-08-05 17:05:55,260 - [read_excel.py -->line:192] - INFO : 正在写入数据, row--> 2, column--> 9, value--> {'message': '用户已经存在！', 'status': -1}
2021-08-05 17:05:55,280 - [read_excel.py -->line:49] - INFO : 正在关闭工作簿, file_path--> D:\Python\pythonproject\api_automation_ebuy\data\api_automation_ebuy.xlsx, sheet_name--> register
2021-08-05 17:05:55,280 - [read_excel.py -->line:38] - INFO : 正在读取excel数据, file_path--> D:\Python\pythonproject\api_automation_ebuy\data\api_automation_ebuy.xlsx, sheet_name--> register
2021-08-05 17:05:55,299 - [read_excel.py -->line:192] - INFO : 正在写入数据, row--> 2, column--> 10, value--> FAIL
2021-08-05 17:05:55,318 - [read_excel.py -->line:49] - INFO : 正在关闭工作簿, file_path--> D:\Python\pythonproject\api_automation_ebuy\data\api_automation_ebuy.xlsx, sheet_name--> register
2021-08-05 17:05:55,319 - [http_request.py -->line:37] - INFO : 正在发送请求,地址:http://localhost:8080/ebuy/Register,方法:post,参数:{'loginName': 'tester01', 'password': '123456', 'userName': '王武', 'action': 'saveUserToDatabase', 'sex': 0, 'email': '362456534@qq.com', 'mobile': '15088661122', 'identityCode': '420116198811255875'},类型:form-data,请求头:{'User-Agent': 'Apache-HttpClient/4.5.12 (Java/1.8.0_261)'}
2021-08-05 17:06:00,340 - [execute_mysql.py -->line:28] - INFO : 正在执行查询数据库, sql --> select userName from easybuy_user where loginName="tester01";
2021-08-05 17:06:00,341 - [execute_mysql.py -->line:34] - INFO : 数据库查询成功, 查询结果 --> {'userName': '王武'}
2021-08-05 17:06:00,341 - [http_request.py -->line:37] - INFO : 正在发送请求,地址:http://localhost:8080/ebuy/Login,方法:post,参数:{'loginName': 'tester01', 'password': '123456', 'action': 'login'},类型:form-data,请求头:{'User-Agent': 'Apache-HttpClient/4.5.12 (Java/1.8.0_261)'}
2021-08-05 17:06:01,351 - [test_register.py -->line:86] - ERROR : {'message': '注册成功！', 'status': -1} != {'message': '用户已经存在！', 'status': -1}
- {'message': '注册成功！', 'status': -1}
?              ^^^^

+ {'message': '用户已经存在！', 'status': -1}
?              ^^^^^^
Traceback (most recent call last):
  File "D:\Python\pythonproject\api_automation_ebuy\test_cases\test_register.py", line 81, in test_register
    self.assertEqual(eval(case.expected_data), res)
  File "C:\Users\99162\AppData\Local\Programs\Python\Python37\lib\unittest\case.py", line 852, in assertEqual
    assertion_func(first, second, msg=msg)
  File "C:\Users\99162\AppData\Local\Programs\Python\Python37\lib\unittest\case.py", line 1151, in assertDictEqual
    self.fail(self._formatMessage(msg, standardMsg))
  File "C:\Users\99162\AppData\Local\Programs\Python\Python37\lib\unittest\case.py", line 693, in fail
    raise self.failureException(msg)
AssertionError: {'message': '注册成功！', 'status': -1} != {'message': '用户已经存在！', 'status': -1}
- {'message': '注册成功！', 'status': -1}
?              ^^^^

+ {'message': '用户已经存在！', 'status': -1}
?              ^^^^^^

2021-08-05 17:06:01,352 - [read_excel.py -->line:38] - INFO : 正在读取excel数据, file_path--> D:\Python\pythonproject\api_automation_ebuy\data\api_automation_ebuy.xlsx, sheet_name--> register
2021-08-05 17:06:01,373 - [read_excel.py -->line:192] - INFO : 正在写入数据, row--> 3, column--> 9, value--> {'message': '用户已经存在！', 'status': -1}
2021-08-05 17:06:01,393 - [read_excel.py -->line:49] - INFO : 正在关闭工作簿, file_path--> D:\Python\pythonproject\api_automation_ebuy\data\api_automation_ebuy.xlsx, sheet_name--> register
2021-08-05 17:06:01,393 - [read_excel.py -->line:38] - INFO : 正在读取excel数据, file_path--> D:\Python\pythonproject\api_automation_ebuy\data\api_automation_ebuy.xlsx, sheet_name--> register
2021-08-05 17:06:01,413 - [read_excel.py -->line:192] - INFO : 正在写入数据, row--> 3, column--> 10, value--> FAIL
2021-08-05 17:06:01,432 - [read_excel.py -->line:49] - INFO : 正在关闭工作簿, file_path--> D:\Python\pythonproject\api_automation_ebuy\data\api_automation_ebuy.xlsx, sheet_name--> register
2021-08-05 17:06:01,433 - [http_request.py -->line:37] - INFO : 正在发送请求,地址:http://localhost:8080/ebuy/Register,方法:post,参数:{'loginName': 'admin', 'password': '123456', 'userName': '王武', 'action': 'saveUserToDatabase', 'sex': 0, 'email': '362456534@qq.com', 'mobile': '15088661122', 'identityCode': '420116198811255875'},类型:form-data,请求头:{'User-Agent': 'Apache-HttpClient/4.5.12 (Java/1.8.0_261)'}
2021-08-05 17:06:06,465 - [test_register.py -->line:90] - INFO : 预期结果:{'message': '用户已经存在！', 'status': -1}, 实际结果:{'message': '用户已经存在！', 'status': -1}, 断言结果:PASS
2021-08-05 17:06:06,465 - [read_excel.py -->line:38] - INFO : 正在读取excel数据, file_path--> D:\Python\pythonproject\api_automation_ebuy\data\api_automation_ebuy.xlsx, sheet_name--> register
2021-08-05 17:06:06,484 - [read_excel.py -->line:192] - INFO : 正在写入数据, row--> 4, column--> 9, value--> {'message': '用户已经存在！', 'status': -1}
2021-08-05 17:06:06,506 - [read_excel.py -->line:49] - INFO : 正在关闭工作簿, file_path--> D:\Python\pythonproject\api_automation_ebuy\data\api_automation_ebuy.xlsx, sheet_name--> register
2021-08-05 17:06:06,506 - [read_excel.py -->line:38] - INFO : 正在读取excel数据, file_path--> D:\Python\pythonproject\api_automation_ebuy\data\api_automation_ebuy.xlsx, sheet_name--> register
2021-08-05 17:06:06,525 - [read_excel.py -->line:192] - INFO : 正在写入数据, row--> 4, column--> 10, value--> PASS
2021-08-05 17:06:06,546 - [read_excel.py -->line:49] - INFO : 正在关闭工作簿, file_path--> D:\Python\pythonproject\api_automation_ebuy\data\api_automation_ebuy.xlsx, sheet_name--> register
2021-08-05 17:06:06,546 - [http_request.py -->line:37] - INFO : 正在发送请求,地址:http://localhost:8080/ebuy/Register,方法:post,参数:{'loginName': '', 'password': '123456', 'userName': '王武', 'action': 'saveUserToDatabase', 'sex': 0, 'email': '362456534@qq.com', 'mobile': '15088661122', 'identityCode': '420116198811255875'},类型:form-data,请求头:{'User-Agent': 'Apache-HttpClient/4.5.12 (Java/1.8.0_261)'}
2021-08-05 17:06:11,569 - [test_register.py -->line:90] - INFO : 预期结果:{'message': '用户已经存在！', 'status': -1}, 实际结果:{'message': '用户已经存在！', 'status': -1}, 断言结果:PASS
2021-08-05 17:06:11,569 - [read_excel.py -->line:38] - INFO : 正在读取excel数据, file_path--> D:\Python\pythonproject\api_automation_ebuy\data\api_automation_ebuy.xlsx, sheet_name--> register
2021-08-05 17:06:11,590 - [read_excel.py -->line:192] - INFO : 正在写入数据, row--> 5, column--> 9, value--> {'message': '用户已经存在！', 'status': -1}
2021-08-05 17:06:11,613 - [read_excel.py -->line:49] - INFO : 正在关闭工作簿, file_path--> D:\Python\pythonproject\api_automation_ebuy\data\api_automation_ebuy.xlsx, sheet_name--> register
2021-08-05 17:06:11,613 - [read_excel.py -->line:38] - INFO : 正在读取excel数据, file_path--> D:\Python\pythonproject\api_automation_ebuy\data\api_automation_ebuy.xlsx, sheet_name--> register
2021-08-05 17:06:11,631 - [read_excel.py -->line:192] - INFO : 正在写入数据, row--> 5, column--> 10, value--> PASS
2021-08-05 17:06:11,651 - [read_excel.py -->line:49] - INFO : 正在关闭工作簿, file_path--> D:\Python\pythonproject\api_automation_ebuy\data\api_automation_ebuy.xlsx, sheet_name--> register
2021-08-05 17:06:11,651 - [http_request.py -->line:37] - INFO : 正在发送请求,地址:http://localhost:8080/ebuy/Register,方法:post,参数:{'loginName': 'tester30', 'password': '', 'userName': '王武', 'action': 'saveUserToDatabase', 'sex': 0, 'email': '362456534@qq.com', 'mobile': '15088661122', 'identityCode': '420116198811255875'},类型:form-data,请求头:{'User-Agent': 'Apache-HttpClient/4.5.12 (Java/1.8.0_261)'}
2021-08-05 17:06:16,668 - [test_register.py -->line:86] - ERROR : {'message': '密码不能为空！', 'status': -1} != {'message': '用户已经存在！', 'status': -1}
- {'message': '密码不能为空！', 'status': -1}
?              ^^^^^^

+ {'message': '用户已经存在！', 'status': -1}
?              ^^^^^^
Traceback (most recent call last):
  File "D:\Python\pythonproject\api_automation_ebuy\test_cases\test_register.py", line 81, in test_register
    self.assertEqual(eval(case.expected_data), res)
  File "C:\Users\99162\AppData\Local\Programs\Python\Python37\lib\unittest\case.py", line 852, in assertEqual
    assertion_func(first, second, msg=msg)
  File "C:\Users\99162\AppData\Local\Programs\Python\Python37\lib\unittest\case.py", line 1151, in assertDictEqual
    self.fail(self._formatMessage(msg, standardMsg))
  File "C:\Users\99162\AppData\Local\Programs\Python\Python37\lib\unittest\case.py", line 693, in fail
    raise self.failureException(msg)
AssertionError: {'message': '密码不能为空！', 'status': -1} != {'message': '用户已经存在！', 'status': -1}
- {'message': '密码不能为空！', 'status': -1}
?              ^^^^^^

+ {'message': '用户已经存在！', 'status': -1}
?              ^^^^^^

2021-08-05 17:06:16,669 - [read_excel.py -->line:38] - INFO : 正在读取excel数据, file_path--> D:\Python\pythonproject\api_automation_ebuy\data\api_automation_ebuy.xlsx, sheet_name--> register
2021-08-05 17:06:16,689 - [read_excel.py -->line:192] - INFO : 正在写入数据, row--> 6, column--> 9, value--> {'message': '用户已经存在！', 'status': -1}
2021-08-05 17:06:16,725 - [read_excel.py -->line:49] - INFO : 正在关闭工作簿, file_path--> D:\Python\pythonproject\api_automation_ebuy\data\api_automation_ebuy.xlsx, sheet_name--> register
2021-08-05 17:06:16,725 - [read_excel.py -->line:38] - INFO : 正在读取excel数据, file_path--> D:\Python\pythonproject\api_automation_ebuy\data\api_automation_ebuy.xlsx, sheet_name--> register
2021-08-05 17:06:16,743 - [read_excel.py -->line:192] - INFO : 正在写入数据, row--> 6, column--> 10, value--> FAIL
2021-08-05 17:06:16,766 - [read_excel.py -->line:49] - INFO : 正在关闭工作簿, file_path--> D:\Python\pythonproject\api_automation_ebuy\data\api_automation_ebuy.xlsx, sheet_name--> register
2021-08-05 17:06:16,767 - [http_request.py -->line:37] - INFO : 正在发送请求,地址:http://localhost:8080/ebuy/Register,方法:post,参数:{'loginName': 'tester02', 'password': '123456', 'userName': '王武', 'action': 'saveUserToDatabase', 'sex': 2, 'email': '362456534@qq.com', 'mobile': '15088661122', 'identityCode': '420116198811255875'},类型:form-data,请求头:{'User-Agent': 'Apache-HttpClient/4.5.12 (Java/1.8.0_261)'}
2021-08-05 17:06:21,792 - [test_register.py -->line:86] - ERROR : {'message': 'sex参数错误！', 'status': -1} != {'message': '用户已经存在！', 'status': -1}
- {'message': 'sex参数错误！', 'status': -1}
?              ^^^^^^^

+ {'message': '用户已经存在！', 'status': -1}
?              ^^^^^^
Traceback (most recent call last):
  File "D:\Python\pythonproject\api_automation_ebuy\test_cases\test_register.py", line 81, in test_register
    self.assertEqual(eval(case.expected_data), res)
  File "C:\Users\99162\AppData\Local\Programs\Python\Python37\lib\unittest\case.py", line 852, in assertEqual
    assertion_func(first, second, msg=msg)
  File "C:\Users\99162\AppData\Local\Programs\Python\Python37\lib\unittest\case.py", line 1151, in assertDictEqual
    self.fail(self._formatMessage(msg, standardMsg))
  File "C:\Users\99162\AppData\Local\Programs\Python\Python37\lib\unittest\case.py", line 693, in fail
    raise self.failureException(msg)
AssertionError: {'message': 'sex参数错误！', 'status': -1} != {'message': '用户已经存在！', 'status': -1}
- {'message': 'sex参数错误！', 'status': -1}
?              ^^^^^^^

+ {'message': '用户已经存在！', 'status': -1}
?              ^^^^^^

2021-08-05 17:06:21,793 - [read_excel.py -->line:38] - INFO : 正在读取excel数据, file_path--> D:\Python\pythonproject\api_automation_ebuy\data\api_automation_ebuy.xlsx, sheet_name--> register
2021-08-05 17:06:21,814 - [read_excel.py -->line:192] - INFO : 正在写入数据, row--> 7, column--> 9, value--> {'message': '用户已经存在！', 'status': -1}
2021-08-05 17:06:21,833 - [read_excel.py -->line:49] - INFO : 正在关闭工作簿, file_path--> D:\Python\pythonproject\api_automation_ebuy\data\api_automation_ebuy.xlsx, sheet_name--> register
2021-08-05 17:06:21,833 - [read_excel.py -->line:38] - INFO : 正在读取excel数据, file_path--> D:\Python\pythonproject\api_automation_ebuy\data\api_automation_ebuy.xlsx, sheet_name--> register
2021-08-05 17:06:21,852 - [read_excel.py -->line:192] - INFO : 正在写入数据, row--> 7, column--> 10, value--> FAIL
2021-08-05 17:06:21,871 - [read_excel.py -->line:49] - INFO : 正在关闭工作簿, file_path--> D:\Python\pythonproject\api_automation_ebuy\data\api_automation_ebuy.xlsx, sheet_name--> register
2021-08-05 17:06:21,871 - [http_request.py -->line:37] - INFO : 正在发送请求,地址:http://localhost:8080/ebuy/Register,方法:post,参数:{'loginName': 'tester05', 'password': '123456', 'userName': '王武', 'action': 'saveUserToDatabase', 'sex': 0, 'email': '', 'mobile': '15088661122', 'identityCode': '420116198811255875'},类型:form-data,请求头:{'User-Agent': 'Apache-HttpClient/4.5.12 (Java/1.8.0_261)'}
2021-08-05 17:06:26,896 - [test_register.py -->line:86] - ERROR : {'message': '注册成功！', 'status': -1} != {'message': '用户已经存在！', 'status': -1}
- {'message': '注册成功！', 'status': -1}
?              ^^^^

+ {'message': '用户已经存在！', 'status': -1}
?              ^^^^^^
Traceback (most recent call last):
  File "D:\Python\pythonproject\api_automation_ebuy\test_cases\test_register.py", line 81, in test_register
    self.assertEqual(eval(case.expected_data), res)
  File "C:\Users\99162\AppData\Local\Programs\Python\Python37\lib\unittest\case.py", line 852, in assertEqual
    assertion_func(first, second, msg=msg)
  File "C:\Users\99162\AppData\Local\Programs\Python\Python37\lib\unittest\case.py", line 1151, in assertDictEqual
    self.fail(self._formatMessage(msg, standardMsg))
  File "C:\Users\99162\AppData\Local\Programs\Python\Python37\lib\unittest\case.py", line 693, in fail
    raise self.failureException(msg)
AssertionError: {'message': '注册成功！', 'status': -1} != {'message': '用户已经存在！', 'status': -1}
- {'message': '注册成功！', 'status': -1}
?              ^^^^

+ {'message': '用户已经存在！', 'status': -1}
?              ^^^^^^

2021-08-05 17:06:26,897 - [read_excel.py -->line:38] - INFO : 正在读取excel数据, file_path--> D:\Python\pythonproject\api_automation_ebuy\data\api_automation_ebuy.xlsx, sheet_name--> register
2021-08-05 17:06:26,918 - [read_excel.py -->line:192] - INFO : 正在写入数据, row--> 8, column--> 9, value--> {'message': '用户已经存在！', 'status': -1}
2021-08-05 17:06:26,939 - [read_excel.py -->line:49] - INFO : 正在关闭工作簿, file_path--> D:\Python\pythonproject\api_automation_ebuy\data\api_automation_ebuy.xlsx, sheet_name--> register
2021-08-05 17:06:26,939 - [read_excel.py -->line:38] - INFO : 正在读取excel数据, file_path--> D:\Python\pythonproject\api_automation_ebuy\data\api_automation_ebuy.xlsx, sheet_name--> register
2021-08-05 17:06:26,958 - [read_excel.py -->line:192] - INFO : 正在写入数据, row--> 8, column--> 10, value--> FAIL
2021-08-05 17:06:26,978 - [read_excel.py -->line:49] - INFO : 正在关闭工作簿, file_path--> D:\Python\pythonproject\api_automation_ebuy\data\api_automation_ebuy.xlsx, sheet_name--> register
2021-08-05 17:06:26,979 - [http_request.py -->line:37] - INFO : 正在发送请求,地址:http://localhost:8080/ebuy/Register,方法:post,参数:{'loginName': 'tester001', 'password': '123456', 'userName': '王武', 'action': 'saveUserToDatabase', 'sex': 0, 'email': '362456534@qq.com', 'mobile': '', 'identityCode': '420116198811255875'},类型:form-data,请求头:{'User-Agent': 'Apache-HttpClient/4.5.12 (Java/1.8.0_261)'}
2021-08-05 17:06:32,008 - [test_register.py -->line:86] - ERROR : {'message': '注册成功！', 'status': -1} != {'message': '用户已经存在！', 'status': -1}
- {'message': '注册成功！', 'status': -1}
?              ^^^^

+ {'message': '用户已经存在！', 'status': -1}
?              ^^^^^^
Traceback (most recent call last):
  File "D:\Python\pythonproject\api_automation_ebuy\test_cases\test_register.py", line 81, in test_register
    self.assertEqual(eval(case.expected_data), res)
  File "C:\Users\99162\AppData\Local\Programs\Python\Python37\lib\unittest\case.py", line 852, in assertEqual
    assertion_func(first, second, msg=msg)
  File "C:\Users\99162\AppData\Local\Programs\Python\Python37\lib\unittest\case.py", line 1151, in assertDictEqual
    self.fail(self._formatMessage(msg, standardMsg))
  File "C:\Users\99162\AppData\Local\Programs\Python\Python37\lib\unittest\case.py", line 693, in fail
    raise self.failureException(msg)
AssertionError: {'message': '注册成功！', 'status': -1} != {'message': '用户已经存在！', 'status': -1}
- {'message': '注册成功！', 'status': -1}
?              ^^^^

+ {'message': '用户已经存在！', 'status': -1}
?              ^^^^^^

2021-08-05 17:06:32,008 - [read_excel.py -->line:38] - INFO : 正在读取excel数据, file_path--> D:\Python\pythonproject\api_automation_ebuy\data\api_automation_ebuy.xlsx, sheet_name--> register
2021-08-05 17:06:32,030 - [read_excel.py -->line:192] - INFO : 正在写入数据, row--> 9, column--> 9, value--> {'message': '用户已经存在！', 'status': -1}
2021-08-05 17:06:32,050 - [read_excel.py -->line:49] - INFO : 正在关闭工作簿, file_path--> D:\Python\pythonproject\api_automation_ebuy\data\api_automation_ebuy.xlsx, sheet_name--> register
2021-08-05 17:06:32,050 - [read_excel.py -->line:38] - INFO : 正在读取excel数据, file_path--> D:\Python\pythonproject\api_automation_ebuy\data\api_automation_ebuy.xlsx, sheet_name--> register
2021-08-05 17:06:32,069 - [read_excel.py -->line:192] - INFO : 正在写入数据, row--> 9, column--> 10, value--> FAIL
2021-08-05 17:06:32,088 - [read_excel.py -->line:49] - INFO : 正在关闭工作簿, file_path--> D:\Python\pythonproject\api_automation_ebuy\data\api_automation_ebuy.xlsx, sheet_name--> register
2021-08-05 17:06:32,089 - [http_request.py -->line:37] - INFO : 正在发送请求,地址:http://localhost:8080/ebuy/Register,方法:post,参数:{'loginName': 'tester04', 'password': '123456', 'userName': '王武', 'action': 'saveUserToDatabase', 'sex': 0, 'email': '362456534@qq.com', 'mobile': '15088661122', 'identityCode': ''},类型:form-data,请求头:{'User-Agent': 'Apache-HttpClient/4.5.12 (Java/1.8.0_261)'}
2021-08-05 17:06:37,111 - [test_register.py -->line:86] - ERROR : {'message': '注册成功！', 'status': -1} != {'message': '用户已经存在！', 'status': -1}
- {'message': '注册成功！', 'status': -1}
?              ^^^^

+ {'message': '用户已经存在！', 'status': -1}
?              ^^^^^^
Traceback (most recent call last):
  File "D:\Python\pythonproject\api_automation_ebuy\test_cases\test_register.py", line 81, in test_register
    self.assertEqual(eval(case.expected_data), res)
  File "C:\Users\99162\AppData\Local\Programs\Python\Python37\lib\unittest\case.py", line 852, in assertEqual
    assertion_func(first, second, msg=msg)
  File "C:\Users\99162\AppData\Local\Programs\Python\Python37\lib\unittest\case.py", line 1151, in assertDictEqual
    self.fail(self._formatMessage(msg, standardMsg))
  File "C:\Users\99162\AppData\Local\Programs\Python\Python37\lib\unittest\case.py", line 693, in fail
    raise self.failureException(msg)
AssertionError: {'message': '注册成功！', 'status': -1} != {'message': '用户已经存在！', 'status': -1}
- {'message': '注册成功！', 'status': -1}
?              ^^^^

+ {'message': '用户已经存在！', 'status': -1}
?              ^^^^^^

2021-08-05 17:06:37,111 - [read_excel.py -->line:38] - INFO : 正在读取excel数据, file_path--> D:\Python\pythonproject\api_automation_ebuy\data\api_automation_ebuy.xlsx, sheet_name--> register
2021-08-05 17:06:37,134 - [read_excel.py -->line:192] - INFO : 正在写入数据, row--> 10, column--> 9, value--> {'message': '用户已经存在！', 'status': -1}
2021-08-05 17:06:37,154 - [read_excel.py -->line:49] - INFO : 正在关闭工作簿, file_path--> D:\Python\pythonproject\api_automation_ebuy\data\api_automation_ebuy.xlsx, sheet_name--> register
2021-08-05 17:06:37,154 - [read_excel.py -->line:38] - INFO : 正在读取excel数据, file_path--> D:\Python\pythonproject\api_automation_ebuy\data\api_automation_ebuy.xlsx, sheet_name--> register
2021-08-05 17:06:37,173 - [read_excel.py -->line:192] - INFO : 正在写入数据, row--> 10, column--> 10, value--> FAIL
2021-08-05 17:06:37,193 - [read_excel.py -->line:49] - INFO : 正在关闭工作簿, file_path--> D:\Python\pythonproject\api_automation_ebuy\data\api_automation_ebuy.xlsx, sheet_name--> register
2021-08-05 17:06:37,194 - [test_register.py -->line:37] - INFO : ============================== 注册接口测试执行完毕 ==============================
