2021-08-05 17:00:07,412 - [read_excel.py -->line:38] - INFO : 正在读取excel数据, file_path--> D:\Python\pythonproject\api_automation_ebuy\data\api_automation_ebuy.xlsx, sheet_name--> login
2021-08-05 17:00:07,434 - [read_excel.py -->line:49] - INFO : 正在关闭工作簿, file_path--> D:\Python\pythonproject\api_automation_ebuy\data\api_automation_ebuy.xlsx, sheet_name--> login
2021-08-05 17:00:07,436 - [read_excel.py -->line:38] - INFO : 正在读取excel数据, file_path--> D:\Python\pythonproject\api_automation_ebuy\data\api_automation_ebuy.xlsx, sheet_name--> register
2021-08-05 17:00:07,456 - [read_excel.py -->line:49] - INFO : 正在关闭工作簿, file_path--> D:\Python\pythonproject\api_automation_ebuy\data\api_automation_ebuy.xlsx, sheet_name--> register
2021-08-05 17:00:07,466 - [test_login.py -->line:30] - INFO : ============================== 开始执行登录接口测试 ==============================
2021-08-05 17:00:07,467 - [http_request.py -->line:37] - INFO : 正在发送请求,地址:http://localhost:8080/ebuy/Login,方法:post,参数:{'loginName': 'admin', 'password': '123456', 'action': 'login'},类型:form-data,请求头:{'User-Agent': 'Apache-HttpClient/4.5.12 (Java/1.8.0_261)'}
2021-08-05 17:00:09,508 - [test_login.py -->line:66] - INFO : 预期结果:{'data': '登陆成功！', 'message': '操作成功！', 'status': 1}, 实际结果:{'data': '登陆成功！', 'message': '操作成功！', 'status': 1}, 断言结果:PASS
2021-08-05 17:00:09,508 - [read_excel.py -->line:38] - INFO : 正在读取excel数据, file_path--> D:\Python\pythonproject\api_automation_ebuy\data\api_automation_ebuy.xlsx, sheet_name--> login
2021-08-05 17:00:09,536 - [read_excel.py -->line:192] - INFO : 正在写入数据, row--> 2, column--> 9, value--> {'data': '登陆成功！', 'message': '操作成功！', 'status': 1}
2021-08-05 17:00:09,567 - [read_excel.py -->line:49] - INFO : 正在关闭工作簿, file_path--> D:\Python\pythonproject\api_automation_ebuy\data\api_automation_ebuy.xlsx, sheet_name--> login
2021-08-05 17:00:09,567 - [read_excel.py -->line:38] - INFO : 正在读取excel数据, file_path--> D:\Python\pythonproject\api_automation_ebuy\data\api_automation_ebuy.xlsx, sheet_name--> login
2021-08-05 17:00:09,592 - [read_excel.py -->line:192] - INFO : 正在写入数据, row--> 2, column--> 10, value--> PASS
2021-08-05 17:00:09,620 - [read_excel.py -->line:49] - INFO : 正在关闭工作簿, file_path--> D:\Python\pythonproject\api_automation_ebuy\data\api_automation_ebuy.xlsx, sheet_name--> login
2021-08-05 17:00:09,621 - [http_request.py -->line:37] - INFO : 正在发送请求,地址:http://localhost:8080/ebuy/Login,方法:post,参数:{'loginName': 'cgn', 'password': '123456', 'action': 'login'},类型:form-data,请求头:{'User-Agent': 'Apache-HttpClient/4.5.12 (Java/1.8.0_261)'}
2021-08-05 17:00:11,642 - [test_login.py -->line:66] - INFO : 预期结果:{'data': '登陆成功！', 'message': '操作成功！', 'status': 1}, 实际结果:{'data': '登陆成功！', 'message': '操作成功！', 'status': 1}, 断言结果:PASS
2021-08-05 17:00:11,642 - [read_excel.py -->line:38] - INFO : 正在读取excel数据, file_path--> D:\Python\pythonproject\api_automation_ebuy\data\api_automation_ebuy.xlsx, sheet_name--> login
2021-08-05 17:00:11,660 - [read_excel.py -->line:192] - INFO : 正在写入数据, row--> 3, column--> 9, value--> {'data': '登陆成功！', 'message': '操作成功！', 'status': 1}
2021-08-05 17:00:11,680 - [read_excel.py -->line:49] - INFO : 正在关闭工作簿, file_path--> D:\Python\pythonproject\api_automation_ebuy\data\api_automation_ebuy.xlsx, sheet_name--> login
2021-08-05 17:00:11,680 - [read_excel.py -->line:38] - INFO : 正在读取excel数据, file_path--> D:\Python\pythonproject\api_automation_ebuy\data\api_automation_ebuy.xlsx, sheet_name--> login
2021-08-05 17:00:11,698 - [read_excel.py -->line:192] - INFO : 正在写入数据, row--> 3, column--> 10, value--> PASS
2021-08-05 17:00:11,730 - [read_excel.py -->line:49] - INFO : 正在关闭工作簿, file_path--> D:\Python\pythonproject\api_automation_ebuy\data\api_automation_ebuy.xlsx, sheet_name--> login
2021-08-05 17:00:11,731 - [http_request.py -->line:37] - INFO : 正在发送请求,地址:http://localhost:8080/ebuy/Login,方法:post,参数:{'password': '123456', 'action': 'login'},类型:form-data,请求头:{'User-Agent': 'Apache-HttpClient/4.5.12 (Java/1.8.0_261)'}
2021-08-05 17:00:13,745 - [test_login.py -->line:62] - ERROR : {'data': '请输入用户名！', 'message': '操作失败！', 'status': 0} != {'data': '登陆成功！', 'message': '操作成功！', 'status': 1}
- {'data': '请输入用户名！', 'message': '操作失败！', 'status': 0}
?           ^^^^^^                  ^^              ^

+ {'data': '登陆成功！', 'message': '操作成功！', 'status': 1}
?           ^^^^                  ^^              ^
Traceback (most recent call last):
  File "D:\Python\pythonproject\api_automation_ebuy\test_cases\test_login.py", line 59, in test_login
    self.assertEqual(eval(case.expected_data), res)
  File "C:\Users\99162\AppData\Local\Programs\Python\Python37\lib\unittest\case.py", line 852, in assertEqual
    assertion_func(first, second, msg=msg)
  File "C:\Users\99162\AppData\Local\Programs\Python\Python37\lib\unittest\case.py", line 1151, in assertDictEqual
    self.fail(self._formatMessage(msg, standardMsg))
  File "C:\Users\99162\AppData\Local\Programs\Python\Python37\lib\unittest\case.py", line 693, in fail
    raise self.failureException(msg)
AssertionError: {'data': '请输入用户名！', 'message': '操作失败！', 'status': 0} != {'data': '登陆成功！', 'message': '操作成功！', 'status': 1}
- {'data': '请输入用户名！', 'message': '操作失败！', 'status': 0}
?           ^^^^^^                  ^^              ^

+ {'data': '登陆成功！', 'message': '操作成功！', 'status': 1}
?           ^^^^                  ^^              ^

2021-08-05 17:00:13,746 - [read_excel.py -->line:38] - INFO : 正在读取excel数据, file_path--> D:\Python\pythonproject\api_automation_ebuy\data\api_automation_ebuy.xlsx, sheet_name--> login
2021-08-05 17:00:13,768 - [read_excel.py -->line:192] - INFO : 正在写入数据, row--> 4, column--> 9, value--> {'data': '登陆成功！', 'message': '操作成功！', 'status': 1}
2021-08-05 17:00:13,788 - [read_excel.py -->line:49] - INFO : 正在关闭工作簿, file_path--> D:\Python\pythonproject\api_automation_ebuy\data\api_automation_ebuy.xlsx, sheet_name--> login
2021-08-05 17:00:13,788 - [read_excel.py -->line:38] - INFO : 正在读取excel数据, file_path--> D:\Python\pythonproject\api_automation_ebuy\data\api_automation_ebuy.xlsx, sheet_name--> login
2021-08-05 17:00:13,808 - [read_excel.py -->line:192] - INFO : 正在写入数据, row--> 4, column--> 10, value--> FAIL
2021-08-05 17:00:13,828 - [read_excel.py -->line:49] - INFO : 正在关闭工作簿, file_path--> D:\Python\pythonproject\api_automation_ebuy\data\api_automation_ebuy.xlsx, sheet_name--> login
2021-08-05 17:00:13,828 - [http_request.py -->line:37] - INFO : 正在发送请求,地址:http://localhost:8080/ebuy/Login,方法:post,参数:{'loginName': '', 'password': '123456', 'action': 'login'},类型:form-data,请求头:{'User-Agent': 'Apache-HttpClient/4.5.12 (Java/1.8.0_261)'}
2021-08-05 17:00:15,848 - [test_login.py -->line:62] - ERROR : {'data': '请输入用户名！', 'message': '操作失败！', 'status': 0} != {'data': '登陆成功！', 'message': '操作成功！', 'status': 1}
- {'data': '请输入用户名！', 'message': '操作失败！', 'status': 0}
?           ^^^^^^                  ^^              ^

+ {'data': '登陆成功！', 'message': '操作成功！', 'status': 1}
?           ^^^^                  ^^              ^
Traceback (most recent call last):
  File "D:\Python\pythonproject\api_automation_ebuy\test_cases\test_login.py", line 59, in test_login
    self.assertEqual(eval(case.expected_data), res)
  File "C:\Users\99162\AppData\Local\Programs\Python\Python37\lib\unittest\case.py", line 852, in assertEqual
    assertion_func(first, second, msg=msg)
  File "C:\Users\99162\AppData\Local\Programs\Python\Python37\lib\unittest\case.py", line 1151, in assertDictEqual
    self.fail(self._formatMessage(msg, standardMsg))
  File "C:\Users\99162\AppData\Local\Programs\Python\Python37\lib\unittest\case.py", line 693, in fail
    raise self.failureException(msg)
AssertionError: {'data': '请输入用户名！', 'message': '操作失败！', 'status': 0} != {'data': '登陆成功！', 'message': '操作成功！', 'status': 1}
- {'data': '请输入用户名！', 'message': '操作失败！', 'status': 0}
?           ^^^^^^                  ^^              ^

+ {'data': '登陆成功！', 'message': '操作成功！', 'status': 1}
?           ^^^^                  ^^              ^

2021-08-05 17:00:15,849 - [read_excel.py -->line:38] - INFO : 正在读取excel数据, file_path--> D:\Python\pythonproject\api_automation_ebuy\data\api_automation_ebuy.xlsx, sheet_name--> login
2021-08-05 17:00:15,870 - [read_excel.py -->line:192] - INFO : 正在写入数据, row--> 5, column--> 9, value--> {'data': '登陆成功！', 'message': '操作成功！', 'status': 1}
2021-08-05 17:00:15,891 - [read_excel.py -->line:49] - INFO : 正在关闭工作簿, file_path--> D:\Python\pythonproject\api_automation_ebuy\data\api_automation_ebuy.xlsx, sheet_name--> login
2021-08-05 17:00:15,892 - [read_excel.py -->line:38] - INFO : 正在读取excel数据, file_path--> D:\Python\pythonproject\api_automation_ebuy\data\api_automation_ebuy.xlsx, sheet_name--> login
2021-08-05 17:00:15,911 - [read_excel.py -->line:192] - INFO : 正在写入数据, row--> 5, column--> 10, value--> FAIL
2021-08-05 17:00:15,931 - [read_excel.py -->line:49] - INFO : 正在关闭工作簿, file_path--> D:\Python\pythonproject\api_automation_ebuy\data\api_automation_ebuy.xlsx, sheet_name--> login
2021-08-05 17:00:15,931 - [http_request.py -->line:37] - INFO : 正在发送请求,地址:http://localhost:8080/ebuy/Login,方法:post,参数:{'loginName': 'dfsagas', 'password': '123456', 'action': 'login'},类型:form-data,请求头:{'User-Agent': 'Apache-HttpClient/4.5.12 (Java/1.8.0_261)'}
2021-08-05 17:00:17,939 - [test_login.py -->line:66] - INFO : 预期结果:{'message': '用户不存在！', 'status': -1}, 实际结果:{'message': '用户不存在！', 'status': -1}, 断言结果:PASS
2021-08-05 17:00:17,939 - [read_excel.py -->line:38] - INFO : 正在读取excel数据, file_path--> D:\Python\pythonproject\api_automation_ebuy\data\api_automation_ebuy.xlsx, sheet_name--> login
2021-08-05 17:00:17,961 - [read_excel.py -->line:192] - INFO : 正在写入数据, row--> 6, column--> 9, value--> {'message': '用户不存在！', 'status': -1}
2021-08-05 17:00:17,981 - [read_excel.py -->line:49] - INFO : 正在关闭工作簿, file_path--> D:\Python\pythonproject\api_automation_ebuy\data\api_automation_ebuy.xlsx, sheet_name--> login
2021-08-05 17:00:17,981 - [read_excel.py -->line:38] - INFO : 正在读取excel数据, file_path--> D:\Python\pythonproject\api_automation_ebuy\data\api_automation_ebuy.xlsx, sheet_name--> login
2021-08-05 17:00:18,000 - [read_excel.py -->line:192] - INFO : 正在写入数据, row--> 6, column--> 10, value--> PASS
2021-08-05 17:00:18,020 - [read_excel.py -->line:49] - INFO : 正在关闭工作簿, file_path--> D:\Python\pythonproject\api_automation_ebuy\data\api_automation_ebuy.xlsx, sheet_name--> login
2021-08-05 17:00:18,020 - [http_request.py -->line:37] - INFO : 正在发送请求,地址:http://localhost:8080/ebuy/Login,方法:post,参数:{'loginName': 'cgn', 'password': '', 'action': 'login'},类型:form-data,请求头:{'User-Agent': 'Apache-HttpClient/4.5.12 (Java/1.8.0_261)'}
2021-08-05 17:00:20,035 - [test_login.py -->line:66] - INFO : 预期结果:{'message': '密码错误！', 'status': -1}, 实际结果:{'message': '密码错误！', 'status': -1}, 断言结果:PASS
2021-08-05 17:00:20,035 - [read_excel.py -->line:38] - INFO : 正在读取excel数据, file_path--> D:\Python\pythonproject\api_automation_ebuy\data\api_automation_ebuy.xlsx, sheet_name--> login
2021-08-05 17:00:20,057 - [read_excel.py -->line:192] - INFO : 正在写入数据, row--> 7, column--> 9, value--> {'message': '密码错误！', 'status': -1}
2021-08-05 17:00:20,077 - [read_excel.py -->line:49] - INFO : 正在关闭工作簿, file_path--> D:\Python\pythonproject\api_automation_ebuy\data\api_automation_ebuy.xlsx, sheet_name--> login
2021-08-05 17:00:20,077 - [read_excel.py -->line:38] - INFO : 正在读取excel数据, file_path--> D:\Python\pythonproject\api_automation_ebuy\data\api_automation_ebuy.xlsx, sheet_name--> login
2021-08-05 17:00:20,097 - [read_excel.py -->line:192] - INFO : 正在写入数据, row--> 7, column--> 10, value--> PASS
2021-08-05 17:00:20,117 - [read_excel.py -->line:49] - INFO : 正在关闭工作簿, file_path--> D:\Python\pythonproject\api_automation_ebuy\data\api_automation_ebuy.xlsx, sheet_name--> login
2021-08-05 17:00:20,118 - [http_request.py -->line:37] - INFO : 正在发送请求,地址:http://localhost:8080/ebuy/Login,方法:post,参数:{'loginName': 'cgn', 'password': '111111', 'action': 'login'},类型:form-data,请求头:{'User-Agent': 'Apache-HttpClient/4.5.12 (Java/1.8.0_261)'}
2021-08-05 17:00:22,141 - [test_login.py -->line:66] - INFO : 预期结果:{'message': '密码错误！', 'status': -1}, 实际结果:{'message': '密码错误！', 'status': -1}, 断言结果:PASS
2021-08-05 17:00:22,141 - [read_excel.py -->line:38] - INFO : 正在读取excel数据, file_path--> D:\Python\pythonproject\api_automation_ebuy\data\api_automation_ebuy.xlsx, sheet_name--> login
2021-08-05 17:00:22,161 - [read_excel.py -->line:192] - INFO : 正在写入数据, row--> 8, column--> 9, value--> {'message': '密码错误！', 'status': -1}
2021-08-05 17:00:22,181 - [read_excel.py -->line:49] - INFO : 正在关闭工作簿, file_path--> D:\Python\pythonproject\api_automation_ebuy\data\api_automation_ebuy.xlsx, sheet_name--> login
2021-08-05 17:00:22,182 - [read_excel.py -->line:38] - INFO : 正在读取excel数据, file_path--> D:\Python\pythonproject\api_automation_ebuy\data\api_automation_ebuy.xlsx, sheet_name--> login
2021-08-05 17:00:22,201 - [read_excel.py -->line:192] - INFO : 正在写入数据, row--> 8, column--> 10, value--> PASS
2021-08-05 17:00:22,223 - [read_excel.py -->line:49] - INFO : 正在关闭工作簿, file_path--> D:\Python\pythonproject\api_automation_ebuy\data\api_automation_ebuy.xlsx, sheet_name--> login
2021-08-05 17:00:22,223 - [test_login.py -->line:35] - INFO : ============================== 登录接口测试执行完毕 ==============================
2021-08-05 17:00:22,223 - [test_register.py -->line:31] - INFO : ============================== 开始执行注册接口测试 ==============================
2021-08-05 17:00:22,225 - [execute_mysql.py -->line:23] - INFO : 数据库连接成功, host --> localhost, database --> easybuy
2021-08-05 17:00:22,225 - [http_request.py -->line:37] - INFO : 正在发送请求,地址:http://localhost:8080/ebuy/Register,方法:post,参数:{'loginName': 'tester00', 'password': '123456', 'userName': '李易峰', 'action': 'saveUserToDatabase', 'sex': 1, 'email': '362456534@qq.com', 'mobile': '15088661122', 'identityCode': '420116198811255875'},类型:form-data,请求头:{'User-Agent': 'Apache-HttpClient/4.5.12 (Java/1.8.0_261)'}
2021-08-05 17:00:27,250 - [execute_mysql.py -->line:28] - INFO : 正在执行查询数据库, sql --> select userName from easybuy_user where loginName="tester00";
2021-08-05 17:00:27,251 - [execute_mysql.py -->line:34] - INFO : 数据库查询成功, 查询结果 --> {'userName': '李易峰'}
2021-08-05 17:00:27,251 - [http_request.py -->line:37] - INFO : 正在发送请求,地址:http://localhost:8080/ebuy/Login,方法:post,参数:{'loginName': 'tester00', 'password': '123456', 'action': 'login'},类型:form-data,请求头:{'User-Agent': 'Apache-HttpClient/4.5.12 (Java/1.8.0_261)'}
2021-08-05 17:00:28,262 - [test_register.py -->line:86] - ERROR : {'message': '注册成功！', 'status': -1} != {'message': '用户已经存在！', 'status': -1}
- {'message': '注册成功！', 'status': -1}
?              ^^^^

+ {'message': '用户已经存在！', 'status': -1}
?              ^^^^^^
Traceback (most recent call last):
  File "D:\Python\pythonproject\api_automation_ebuy\test_cases\test_register.py", line 81, in test_register
    self.assertEqual(eval(case.expected_data), res)
  File "C:\Users\99162\AppData\Local\Programs\Python\Python37\lib\unittest\case.py", line 852, in assertEqual
    assertion_func(first, second, msg=msg)
  File "C:\Users\99162\AppData\Local\Programs\Python\Python37\lib\unittest\case.py", line 1151, in assertDictEqual
    self.fail(self._formatMessage(msg, standardMsg))
  File "C:\Users\99162\AppData\Local\Programs\Python\Python37\lib\unittest\case.py", line 693, in fail
    raise self.failureException(msg)
AssertionError: {'message': '注册成功！', 'status': -1} != {'message': '用户已经存在！', 'status': -1}
- {'message': '注册成功！', 'status': -1}
?              ^^^^

+ {'message': '用户已经存在！', 'status': -1}
?              ^^^^^^

2021-08-05 17:00:28,263 - [read_excel.py -->line:38] - INFO : 正在读取excel数据, file_path--> D:\Python\pythonproject\api_automation_ebuy\data\api_automation_ebuy.xlsx, sheet_name--> register
2021-08-05 17:00:28,285 - [read_excel.py -->line:192] - INFO : 正在写入数据, row--> 2, column--> 9, value--> {'message': '用户已经存在！', 'status': -1}
2021-08-05 17:00:28,306 - [read_excel.py -->line:49] - INFO : 正在关闭工作簿, file_path--> D:\Python\pythonproject\api_automation_ebuy\data\api_automation_ebuy.xlsx, sheet_name--> register
2021-08-05 17:00:28,306 - [read_excel.py -->line:38] - INFO : 正在读取excel数据, file_path--> D:\Python\pythonproject\api_automation_ebuy\data\api_automation_ebuy.xlsx, sheet_name--> register
2021-08-05 17:00:28,325 - [read_excel.py -->line:192] - INFO : 正在写入数据, row--> 2, column--> 10, value--> FAIL
2021-08-05 17:00:28,345 - [read_excel.py -->line:49] - INFO : 正在关闭工作簿, file_path--> D:\Python\pythonproject\api_automation_ebuy\data\api_automation_ebuy.xlsx, sheet_name--> register
2021-08-05 17:00:28,345 - [http_request.py -->line:37] - INFO : 正在发送请求,地址:http://localhost:8080/ebuy/Register,方法:post,参数:{'loginName': 'tester01', 'password': '123456', 'userName': '王武', 'action': 'saveUserToDatabase', 'sex': 0, 'email': '362456534@qq.com', 'mobile': '15088661122', 'identityCode': '420116198811255875'},类型:form-data,请求头:{'User-Agent': 'Apache-HttpClient/4.5.12 (Java/1.8.0_261)'}
2021-08-05 17:00:33,377 - [execute_mysql.py -->line:28] - INFO : 正在执行查询数据库, sql --> select userName from easybuy_user where loginName="tester01";
2021-08-05 17:00:33,378 - [execute_mysql.py -->line:34] - INFO : 数据库查询成功, 查询结果 --> {'userName': '王武'}
2021-08-05 17:00:33,378 - [http_request.py -->line:37] - INFO : 正在发送请求,地址:http://localhost:8080/ebuy/Login,方法:post,参数:{'loginName': 'tester01', 'password': '123456', 'action': 'login'},类型:form-data,请求头:{'User-Agent': 'Apache-HttpClient/4.5.12 (Java/1.8.0_261)'}
2021-08-05 17:00:34,388 - [test_register.py -->line:86] - ERROR : {'message': '注册成功！', 'status': -1} != {'message': '用户已经存在！', 'status': -1}
- {'message': '注册成功！', 'status': -1}
?              ^^^^

+ {'message': '用户已经存在！', 'status': -1}
?              ^^^^^^
Traceback (most recent call last):
  File "D:\Python\pythonproject\api_automation_ebuy\test_cases\test_register.py", line 81, in test_register
    self.assertEqual(eval(case.expected_data), res)
  File "C:\Users\99162\AppData\Local\Programs\Python\Python37\lib\unittest\case.py", line 852, in assertEqual
    assertion_func(first, second, msg=msg)
  File "C:\Users\99162\AppData\Local\Programs\Python\Python37\lib\unittest\case.py", line 1151, in assertDictEqual
    self.fail(self._formatMessage(msg, standardMsg))
  File "C:\Users\99162\AppData\Local\Programs\Python\Python37\lib\unittest\case.py", line 693, in fail
    raise self.failureException(msg)
AssertionError: {'message': '注册成功！', 'status': -1} != {'message': '用户已经存在！', 'status': -1}
- {'message': '注册成功！', 'status': -1}
?              ^^^^

+ {'message': '用户已经存在！', 'status': -1}
?              ^^^^^^

2021-08-05 17:00:34,389 - [read_excel.py -->line:38] - INFO : 正在读取excel数据, file_path--> D:\Python\pythonproject\api_automation_ebuy\data\api_automation_ebuy.xlsx, sheet_name--> register
2021-08-05 17:00:34,408 - [read_excel.py -->line:192] - INFO : 正在写入数据, row--> 3, column--> 9, value--> {'message': '用户已经存在！', 'status': -1}
2021-08-05 17:00:34,428 - [read_excel.py -->line:49] - INFO : 正在关闭工作簿, file_path--> D:\Python\pythonproject\api_automation_ebuy\data\api_automation_ebuy.xlsx, sheet_name--> register
2021-08-05 17:00:34,428 - [read_excel.py -->line:38] - INFO : 正在读取excel数据, file_path--> D:\Python\pythonproject\api_automation_ebuy\data\api_automation_ebuy.xlsx, sheet_name--> register
2021-08-05 17:00:34,447 - [read_excel.py -->line:192] - INFO : 正在写入数据, row--> 3, column--> 10, value--> FAIL
2021-08-05 17:00:34,467 - [read_excel.py -->line:49] - INFO : 正在关闭工作簿, file_path--> D:\Python\pythonproject\api_automation_ebuy\data\api_automation_ebuy.xlsx, sheet_name--> register
2021-08-05 17:00:34,467 - [http_request.py -->line:37] - INFO : 正在发送请求,地址:http://localhost:8080/ebuy/Register,方法:post,参数:{'loginName': 'admin', 'password': '123456', 'userName': '王武', 'action': 'saveUserToDatabase', 'sex': 0, 'email': '362456534@qq.com', 'mobile': '15088661122', 'identityCode': '420116198811255875'},类型:form-data,请求头:{'User-Agent': 'Apache-HttpClient/4.5.12 (Java/1.8.0_261)'}
2021-08-05 17:00:39,485 - [test_register.py -->line:90] - INFO : 预期结果:{'message': '用户已经存在！', 'status': -1}, 实际结果:{'message': '用户已经存在！', 'status': -1}, 断言结果:PASS
2021-08-05 17:00:39,485 - [read_excel.py -->line:38] - INFO : 正在读取excel数据, file_path--> D:\Python\pythonproject\api_automation_ebuy\data\api_automation_ebuy.xlsx, sheet_name--> register
2021-08-05 17:00:39,505 - [read_excel.py -->line:192] - INFO : 正在写入数据, row--> 4, column--> 9, value--> {'message': '用户已经存在！', 'status': -1}
2021-08-05 17:00:39,524 - [read_excel.py -->line:49] - INFO : 正在关闭工作簿, file_path--> D:\Python\pythonproject\api_automation_ebuy\data\api_automation_ebuy.xlsx, sheet_name--> register
2021-08-05 17:00:39,524 - [read_excel.py -->line:38] - INFO : 正在读取excel数据, file_path--> D:\Python\pythonproject\api_automation_ebuy\data\api_automation_ebuy.xlsx, sheet_name--> register
2021-08-05 17:00:39,544 - [read_excel.py -->line:192] - INFO : 正在写入数据, row--> 4, column--> 10, value--> PASS
2021-08-05 17:00:39,563 - [read_excel.py -->line:49] - INFO : 正在关闭工作簿, file_path--> D:\Python\pythonproject\api_automation_ebuy\data\api_automation_ebuy.xlsx, sheet_name--> register
2021-08-05 17:00:39,563 - [http_request.py -->line:37] - INFO : 正在发送请求,地址:http://localhost:8080/ebuy/Register,方法:post,参数:{'loginName': '', 'password': '123456', 'userName': '王武', 'action': 'saveUserToDatabase', 'sex': 0, 'email': '362456534@qq.com', 'mobile': '15088661122', 'identityCode': '420116198811255875'},类型:form-data,请求头:{'User-Agent': 'Apache-HttpClient/4.5.12 (Java/1.8.0_261)'}
2021-08-05 17:00:44,595 - [test_register.py -->line:90] - INFO : 预期结果:{'message': '用户已经存在！', 'status': -1}, 实际结果:{'message': '用户已经存在！', 'status': -1}, 断言结果:PASS
2021-08-05 17:00:44,595 - [read_excel.py -->line:38] - INFO : 正在读取excel数据, file_path--> D:\Python\pythonproject\api_automation_ebuy\data\api_automation_ebuy.xlsx, sheet_name--> register
2021-08-05 17:00:44,615 - [read_excel.py -->line:192] - INFO : 正在写入数据, row--> 5, column--> 9, value--> {'message': '用户已经存在！', 'status': -1}
2021-08-05 17:00:44,636 - [read_excel.py -->line:49] - INFO : 正在关闭工作簿, file_path--> D:\Python\pythonproject\api_automation_ebuy\data\api_automation_ebuy.xlsx, sheet_name--> register
2021-08-05 17:00:44,636 - [read_excel.py -->line:38] - INFO : 正在读取excel数据, file_path--> D:\Python\pythonproject\api_automation_ebuy\data\api_automation_ebuy.xlsx, sheet_name--> register
2021-08-05 17:00:44,655 - [read_excel.py -->line:192] - INFO : 正在写入数据, row--> 5, column--> 10, value--> PASS
2021-08-05 17:00:44,674 - [read_excel.py -->line:49] - INFO : 正在关闭工作簿, file_path--> D:\Python\pythonproject\api_automation_ebuy\data\api_automation_ebuy.xlsx, sheet_name--> register
2021-08-05 17:00:44,674 - [http_request.py -->line:37] - INFO : 正在发送请求,地址:http://localhost:8080/ebuy/Register,方法:post,参数:{'loginName': 'tester30', 'password': '', 'userName': '王武', 'action': 'saveUserToDatabase', 'sex': 0, 'email': '362456534@qq.com', 'mobile': '15088661122', 'identityCode': '420116198811255875'},类型:form-data,请求头:{'User-Agent': 'Apache-HttpClient/4.5.12 (Java/1.8.0_261)'}
2021-08-05 17:00:49,700 - [test_register.py -->line:86] - ERROR : {'message': '密码不能为空！', 'status': -1} != {'message': '用户已经存在！', 'status': -1}
- {'message': '密码不能为空！', 'status': -1}
?              ^^^^^^

+ {'message': '用户已经存在！', 'status': -1}
?              ^^^^^^
Traceback (most recent call last):
  File "D:\Python\pythonproject\api_automation_ebuy\test_cases\test_register.py", line 81, in test_register
    self.assertEqual(eval(case.expected_data), res)
  File "C:\Users\99162\AppData\Local\Programs\Python\Python37\lib\unittest\case.py", line 852, in assertEqual
    assertion_func(first, second, msg=msg)
  File "C:\Users\99162\AppData\Local\Programs\Python\Python37\lib\unittest\case.py", line 1151, in assertDictEqual
    self.fail(self._formatMessage(msg, standardMsg))
  File "C:\Users\99162\AppData\Local\Programs\Python\Python37\lib\unittest\case.py", line 693, in fail
    raise self.failureException(msg)
AssertionError: {'message': '密码不能为空！', 'status': -1} != {'message': '用户已经存在！', 'status': -1}
- {'message': '密码不能为空！', 'status': -1}
?              ^^^^^^

+ {'message': '用户已经存在！', 'status': -1}
?              ^^^^^^

2021-08-05 17:00:49,700 - [read_excel.py -->line:38] - INFO : 正在读取excel数据, file_path--> D:\Python\pythonproject\api_automation_ebuy\data\api_automation_ebuy.xlsx, sheet_name--> register
2021-08-05 17:00:49,722 - [read_excel.py -->line:192] - INFO : 正在写入数据, row--> 6, column--> 9, value--> {'message': '用户已经存在！', 'status': -1}
2021-08-05 17:00:49,754 - [read_excel.py -->line:49] - INFO : 正在关闭工作簿, file_path--> D:\Python\pythonproject\api_automation_ebuy\data\api_automation_ebuy.xlsx, sheet_name--> register
2021-08-05 17:00:49,755 - [read_excel.py -->line:38] - INFO : 正在读取excel数据, file_path--> D:\Python\pythonproject\api_automation_ebuy\data\api_automation_ebuy.xlsx, sheet_name--> register
2021-08-05 17:00:49,773 - [read_excel.py -->line:192] - INFO : 正在写入数据, row--> 6, column--> 10, value--> FAIL
2021-08-05 17:00:49,793 - [read_excel.py -->line:49] - INFO : 正在关闭工作簿, file_path--> D:\Python\pythonproject\api_automation_ebuy\data\api_automation_ebuy.xlsx, sheet_name--> register
2021-08-05 17:00:49,793 - [http_request.py -->line:37] - INFO : 正在发送请求,地址:http://localhost:8080/ebuy/Register,方法:post,参数:{'loginName': 'tester02', 'password': '123456', 'userName': '王武', 'action': 'saveUserToDatabase', 'sex': 2, 'email': '362456534@qq.com', 'mobile': '15088661122', 'identityCode': '420116198811255875'},类型:form-data,请求头:{'User-Agent': 'Apache-HttpClient/4.5.12 (Java/1.8.0_261)'}
2021-08-05 17:00:54,806 - [test_register.py -->line:86] - ERROR : {'message': 'sex参数错误！', 'status': -1} != {'message': '用户已经存在！', 'status': -1}
- {'message': 'sex参数错误！', 'status': -1}
?              ^^^^^^^

+ {'message': '用户已经存在！', 'status': -1}
?              ^^^^^^
Traceback (most recent call last):
  File "D:\Python\pythonproject\api_automation_ebuy\test_cases\test_register.py", line 81, in test_register
    self.assertEqual(eval(case.expected_data), res)
  File "C:\Users\99162\AppData\Local\Programs\Python\Python37\lib\unittest\case.py", line 852, in assertEqual
    assertion_func(first, second, msg=msg)
  File "C:\Users\99162\AppData\Local\Programs\Python\Python37\lib\unittest\case.py", line 1151, in assertDictEqual
    self.fail(self._formatMessage(msg, standardMsg))
  File "C:\Users\99162\AppData\Local\Programs\Python\Python37\lib\unittest\case.py", line 693, in fail
    raise self.failureException(msg)
AssertionError: {'message': 'sex参数错误！', 'status': -1} != {'message': '用户已经存在！', 'status': -1}
- {'message': 'sex参数错误！', 'status': -1}
?              ^^^^^^^

+ {'message': '用户已经存在！', 'status': -1}
?              ^^^^^^

2021-08-05 17:00:54,807 - [read_excel.py -->line:38] - INFO : 正在读取excel数据, file_path--> D:\Python\pythonproject\api_automation_ebuy\data\api_automation_ebuy.xlsx, sheet_name--> register
2021-08-05 17:00:54,828 - [read_excel.py -->line:192] - INFO : 正在写入数据, row--> 7, column--> 9, value--> {'message': '用户已经存在！', 'status': -1}
2021-08-05 17:00:54,850 - [read_excel.py -->line:49] - INFO : 正在关闭工作簿, file_path--> D:\Python\pythonproject\api_automation_ebuy\data\api_automation_ebuy.xlsx, sheet_name--> register
2021-08-05 17:00:54,850 - [read_excel.py -->line:38] - INFO : 正在读取excel数据, file_path--> D:\Python\pythonproject\api_automation_ebuy\data\api_automation_ebuy.xlsx, sheet_name--> register
2021-08-05 17:00:54,868 - [read_excel.py -->line:192] - INFO : 正在写入数据, row--> 7, column--> 10, value--> FAIL
2021-08-05 17:00:54,888 - [read_excel.py -->line:49] - INFO : 正在关闭工作簿, file_path--> D:\Python\pythonproject\api_automation_ebuy\data\api_automation_ebuy.xlsx, sheet_name--> register
2021-08-05 17:00:54,888 - [http_request.py -->line:37] - INFO : 正在发送请求,地址:http://localhost:8080/ebuy/Register,方法:post,参数:{'loginName': 'tester05', 'password': '123456', 'userName': '王武', 'action': 'saveUserToDatabase', 'sex': 0, 'email': '', 'mobile': '15088661122', 'identityCode': '420116198811255875'},类型:form-data,请求头:{'User-Agent': 'Apache-HttpClient/4.5.12 (Java/1.8.0_261)'}
2021-08-05 17:00:59,903 - [test_register.py -->line:86] - ERROR : {'message': '注册成功！', 'status': -1} != {'message': '用户已经存在！', 'status': -1}
- {'message': '注册成功！', 'status': -1}
?              ^^^^

+ {'message': '用户已经存在！', 'status': -1}
?              ^^^^^^
Traceback (most recent call last):
  File "D:\Python\pythonproject\api_automation_ebuy\test_cases\test_register.py", line 81, in test_register
    self.assertEqual(eval(case.expected_data), res)
  File "C:\Users\99162\AppData\Local\Programs\Python\Python37\lib\unittest\case.py", line 852, in assertEqual
    assertion_func(first, second, msg=msg)
  File "C:\Users\99162\AppData\Local\Programs\Python\Python37\lib\unittest\case.py", line 1151, in assertDictEqual
    self.fail(self._formatMessage(msg, standardMsg))
  File "C:\Users\99162\AppData\Local\Programs\Python\Python37\lib\unittest\case.py", line 693, in fail
    raise self.failureException(msg)
AssertionError: {'message': '注册成功！', 'status': -1} != {'message': '用户已经存在！', 'status': -1}
- {'message': '注册成功！', 'status': -1}
?              ^^^^

+ {'message': '用户已经存在！', 'status': -1}
?              ^^^^^^

2021-08-05 17:00:59,904 - [read_excel.py -->line:38] - INFO : 正在读取excel数据, file_path--> D:\Python\pythonproject\api_automation_ebuy\data\api_automation_ebuy.xlsx, sheet_name--> register
2021-08-05 17:00:59,926 - [read_excel.py -->line:192] - INFO : 正在写入数据, row--> 8, column--> 9, value--> {'message': '用户已经存在！', 'status': -1}
2021-08-05 17:00:59,949 - [read_excel.py -->line:49] - INFO : 正在关闭工作簿, file_path--> D:\Python\pythonproject\api_automation_ebuy\data\api_automation_ebuy.xlsx, sheet_name--> register
2021-08-05 17:00:59,949 - [read_excel.py -->line:38] - INFO : 正在读取excel数据, file_path--> D:\Python\pythonproject\api_automation_ebuy\data\api_automation_ebuy.xlsx, sheet_name--> register
2021-08-05 17:00:59,969 - [read_excel.py -->line:192] - INFO : 正在写入数据, row--> 8, column--> 10, value--> FAIL
2021-08-05 17:00:59,988 - [read_excel.py -->line:49] - INFO : 正在关闭工作簿, file_path--> D:\Python\pythonproject\api_automation_ebuy\data\api_automation_ebuy.xlsx, sheet_name--> register
2021-08-05 17:00:59,989 - [http_request.py -->line:37] - INFO : 正在发送请求,地址:http://localhost:8080/ebuy/Register,方法:post,参数:{'loginName': 'tester001', 'password': '123456', 'userName': '王武', 'action': 'saveUserToDatabase', 'sex': 0, 'email': '362456534@qq.com', 'mobile': '', 'identityCode': '420116198811255875'},类型:form-data,请求头:{'User-Agent': 'Apache-HttpClient/4.5.12 (Java/1.8.0_261)'}
2021-08-05 17:01:05,010 - [test_register.py -->line:86] - ERROR : {'message': '注册成功！', 'status': -1} != {'message': '用户已经存在！', 'status': -1}
- {'message': '注册成功！', 'status': -1}
?              ^^^^

+ {'message': '用户已经存在！', 'status': -1}
?              ^^^^^^
Traceback (most recent call last):
  File "D:\Python\pythonproject\api_automation_ebuy\test_cases\test_register.py", line 81, in test_register
    self.assertEqual(eval(case.expected_data), res)
  File "C:\Users\99162\AppData\Local\Programs\Python\Python37\lib\unittest\case.py", line 852, in assertEqual
    assertion_func(first, second, msg=msg)
  File "C:\Users\99162\AppData\Local\Programs\Python\Python37\lib\unittest\case.py", line 1151, in assertDictEqual
    self.fail(self._formatMessage(msg, standardMsg))
  File "C:\Users\99162\AppData\Local\Programs\Python\Python37\lib\unittest\case.py", line 693, in fail
    raise self.failureException(msg)
AssertionError: {'message': '注册成功！', 'status': -1} != {'message': '用户已经存在！', 'status': -1}
- {'message': '注册成功！', 'status': -1}
?              ^^^^

+ {'message': '用户已经存在！', 'status': -1}
?              ^^^^^^

2021-08-05 17:01:05,011 - [read_excel.py -->line:38] - INFO : 正在读取excel数据, file_path--> D:\Python\pythonproject\api_automation_ebuy\data\api_automation_ebuy.xlsx, sheet_name--> register
2021-08-05 17:01:05,031 - [read_excel.py -->line:192] - INFO : 正在写入数据, row--> 9, column--> 9, value--> {'message': '用户已经存在！', 'status': -1}
2021-08-05 17:01:05,050 - [read_excel.py -->line:49] - INFO : 正在关闭工作簿, file_path--> D:\Python\pythonproject\api_automation_ebuy\data\api_automation_ebuy.xlsx, sheet_name--> register
2021-08-05 17:01:05,050 - [read_excel.py -->line:38] - INFO : 正在读取excel数据, file_path--> D:\Python\pythonproject\api_automation_ebuy\data\api_automation_ebuy.xlsx, sheet_name--> register
2021-08-05 17:01:05,069 - [read_excel.py -->line:192] - INFO : 正在写入数据, row--> 9, column--> 10, value--> FAIL
2021-08-05 17:01:05,089 - [read_excel.py -->line:49] - INFO : 正在关闭工作簿, file_path--> D:\Python\pythonproject\api_automation_ebuy\data\api_automation_ebuy.xlsx, sheet_name--> register
2021-08-05 17:01:05,090 - [http_request.py -->line:37] - INFO : 正在发送请求,地址:http://localhost:8080/ebuy/Register,方法:post,参数:{'loginName': 'tester04', 'password': '123456', 'userName': '王武', 'action': 'saveUserToDatabase', 'sex': 0, 'email': '362456534@qq.com', 'mobile': '15088661122', 'identityCode': ''},类型:form-data,请求头:{'User-Agent': 'Apache-HttpClient/4.5.12 (Java/1.8.0_261)'}
2021-08-05 17:01:10,112 - [test_register.py -->line:86] - ERROR : {'message': '注册成功！', 'status': -1} != {'message': '用户已经存在！', 'status': -1}
- {'message': '注册成功！', 'status': -1}
?              ^^^^

+ {'message': '用户已经存在！', 'status': -1}
?              ^^^^^^
Traceback (most recent call last):
  File "D:\Python\pythonproject\api_automation_ebuy\test_cases\test_register.py", line 81, in test_register
    self.assertEqual(eval(case.expected_data), res)
  File "C:\Users\99162\AppData\Local\Programs\Python\Python37\lib\unittest\case.py", line 852, in assertEqual
    assertion_func(first, second, msg=msg)
  File "C:\Users\99162\AppData\Local\Programs\Python\Python37\lib\unittest\case.py", line 1151, in assertDictEqual
    self.fail(self._formatMessage(msg, standardMsg))
  File "C:\Users\99162\AppData\Local\Programs\Python\Python37\lib\unittest\case.py", line 693, in fail
    raise self.failureException(msg)
AssertionError: {'message': '注册成功！', 'status': -1} != {'message': '用户已经存在！', 'status': -1}
- {'message': '注册成功！', 'status': -1}
?              ^^^^

+ {'message': '用户已经存在！', 'status': -1}
?              ^^^^^^

2021-08-05 17:01:10,112 - [read_excel.py -->line:38] - INFO : 正在读取excel数据, file_path--> D:\Python\pythonproject\api_automation_ebuy\data\api_automation_ebuy.xlsx, sheet_name--> register
2021-08-05 17:01:10,131 - [read_excel.py -->line:192] - INFO : 正在写入数据, row--> 10, column--> 9, value--> {'message': '用户已经存在！', 'status': -1}
2021-08-05 17:01:10,151 - [read_excel.py -->line:49] - INFO : 正在关闭工作簿, file_path--> D:\Python\pythonproject\api_automation_ebuy\data\api_automation_ebuy.xlsx, sheet_name--> register
2021-08-05 17:01:10,151 - [read_excel.py -->line:38] - INFO : 正在读取excel数据, file_path--> D:\Python\pythonproject\api_automation_ebuy\data\api_automation_ebuy.xlsx, sheet_name--> register
2021-08-05 17:01:10,169 - [read_excel.py -->line:192] - INFO : 正在写入数据, row--> 10, column--> 10, value--> FAIL
2021-08-05 17:01:10,189 - [read_excel.py -->line:49] - INFO : 正在关闭工作簿, file_path--> D:\Python\pythonproject\api_automation_ebuy\data\api_automation_ebuy.xlsx, sheet_name--> register
2021-08-05 17:01:10,190 - [test_register.py -->line:37] - INFO : ============================== 注册接口测试执行完毕 ==============================
