2021-08-05 17:23:31,818 - [read_excel.py -->line:38] - INFO : 正在读取excel数据, file_path--> D:\Python\pythonproject\api_automation_ebuy\data\api_automation_ebuy.xlsx, sheet_name--> login
2021-08-05 17:23:31,839 - [read_excel.py -->line:49] - INFO : 正在关闭工作簿, file_path--> D:\Python\pythonproject\api_automation_ebuy\data\api_automation_ebuy.xlsx, sheet_name--> login
2021-08-05 17:23:31,840 - [read_excel.py -->line:38] - INFO : 正在读取excel数据, file_path--> D:\Python\pythonproject\api_automation_ebuy\data\api_automation_ebuy.xlsx, sheet_name--> register
2021-08-05 17:23:31,860 - [read_excel.py -->line:49] - INFO : 正在关闭工作簿, file_path--> D:\Python\pythonproject\api_automation_ebuy\data\api_automation_ebuy.xlsx, sheet_name--> register
2021-08-05 17:23:31,870 - [test_login.py -->line:30] - INFO : ============================== 开始执行登录接口测试 ==============================
2021-08-05 17:23:31,870 - [http_request.py -->line:37] - INFO : 正在发送请求,地址:http://localhost:8080/ebuy/Login,方法:post,参数:{'loginName': 'admin', 'password': '123456', 'action': 'login'},类型:form-data,请求头:{'User-Agent': 'Apache-HttpClient/4.5.12 (Java/1.8.0_261)'}
2021-08-05 17:23:33,885 - [test_login.py -->line:66] - INFO : 预期结果:{'data': '登陆成功！', 'message': '操作成功！', 'status': 1}, 实际结果:{'data': '登陆成功！', 'message': '操作成功！', 'status': 1}, 断言结果:PASS
2021-08-05 17:23:33,885 - [read_excel.py -->line:38] - INFO : 正在读取excel数据, file_path--> D:\Python\pythonproject\api_automation_ebuy\data\api_automation_ebuy.xlsx, sheet_name--> login
2021-08-05 17:23:33,905 - [read_excel.py -->line:192] - INFO : 正在写入数据, row--> 2, column--> 9, value--> {'data': '登陆成功！', 'message': '操作成功！', 'status': 1}
2021-08-05 17:23:33,925 - [read_excel.py -->line:49] - INFO : 正在关闭工作簿, file_path--> D:\Python\pythonproject\api_automation_ebuy\data\api_automation_ebuy.xlsx, sheet_name--> login
2021-08-05 17:23:33,925 - [read_excel.py -->line:38] - INFO : 正在读取excel数据, file_path--> D:\Python\pythonproject\api_automation_ebuy\data\api_automation_ebuy.xlsx, sheet_name--> login
2021-08-05 17:23:33,944 - [read_excel.py -->line:192] - INFO : 正在写入数据, row--> 2, column--> 10, value--> PASS
2021-08-05 17:23:33,963 - [read_excel.py -->line:49] - INFO : 正在关闭工作簿, file_path--> D:\Python\pythonproject\api_automation_ebuy\data\api_automation_ebuy.xlsx, sheet_name--> login
2021-08-05 17:23:33,963 - [http_request.py -->line:37] - INFO : 正在发送请求,地址:http://localhost:8080/ebuy/Login,方法:post,参数:{'loginName': 'cgn', 'password': '123456', 'action': 'login'},类型:form-data,请求头:{'User-Agent': 'Apache-HttpClient/4.5.12 (Java/1.8.0_261)'}
2021-08-05 17:23:35,985 - [test_login.py -->line:66] - INFO : 预期结果:{'data': '登陆成功！', 'message': '操作成功！', 'status': 1}, 实际结果:{'data': '登陆成功！', 'message': '操作成功！', 'status': 1}, 断言结果:PASS
2021-08-05 17:23:35,985 - [read_excel.py -->line:38] - INFO : 正在读取excel数据, file_path--> D:\Python\pythonproject\api_automation_ebuy\data\api_automation_ebuy.xlsx, sheet_name--> login
2021-08-05 17:23:36,004 - [read_excel.py -->line:192] - INFO : 正在写入数据, row--> 3, column--> 9, value--> {'data': '登陆成功！', 'message': '操作成功！', 'status': 1}
2021-08-05 17:23:36,023 - [read_excel.py -->line:49] - INFO : 正在关闭工作簿, file_path--> D:\Python\pythonproject\api_automation_ebuy\data\api_automation_ebuy.xlsx, sheet_name--> login
2021-08-05 17:23:36,023 - [read_excel.py -->line:38] - INFO : 正在读取excel数据, file_path--> D:\Python\pythonproject\api_automation_ebuy\data\api_automation_ebuy.xlsx, sheet_name--> login
2021-08-05 17:23:36,042 - [read_excel.py -->line:192] - INFO : 正在写入数据, row--> 3, column--> 10, value--> PASS
2021-08-05 17:23:36,070 - [read_excel.py -->line:49] - INFO : 正在关闭工作簿, file_path--> D:\Python\pythonproject\api_automation_ebuy\data\api_automation_ebuy.xlsx, sheet_name--> login
2021-08-05 17:23:36,070 - [http_request.py -->line:37] - INFO : 正在发送请求,地址:http://localhost:8080/ebuy/Login,方法:post,参数:{'password': '123456', 'action': 'login'},类型:form-data,请求头:{'User-Agent': 'Apache-HttpClient/4.5.12 (Java/1.8.0_261)'}
2021-08-05 17:23:38,078 - [test_login.py -->line:62] - ERROR : {'data': '请输入用户名！', 'message': '操作失败！', 'status': 0} != {'data': '登陆成功！', 'message': '操作成功！', 'status': 1}
- {'data': '请输入用户名！', 'message': '操作失败！', 'status': 0}
?           ^^^^^^                  ^^              ^

+ {'data': '登陆成功！', 'message': '操作成功！', 'status': 1}
?           ^^^^                  ^^              ^
Traceback (most recent call last):
  File "D:\Python\pythonproject\api_automation_ebuy\test_cases\test_login.py", line 59, in test_login
    self.assertEqual(eval(case.expected_data), res)
  File "C:\Users\99162\AppData\Local\Programs\Python\Python37\lib\unittest\case.py", line 852, in assertEqual
    assertion_func(first, second, msg=msg)
  File "C:\Users\99162\AppData\Local\Programs\Python\Python37\lib\unittest\case.py", line 1151, in assertDictEqual
    self.fail(self._formatMessage(msg, standardMsg))
  File "C:\Users\99162\AppData\Local\Programs\Python\Python37\lib\unittest\case.py", line 693, in fail
    raise self.failureException(msg)
AssertionError: {'data': '请输入用户名！', 'message': '操作失败！', 'status': 0} != {'data': '登陆成功！', 'message': '操作成功！', 'status': 1}
- {'data': '请输入用户名！', 'message': '操作失败！', 'status': 0}
?           ^^^^^^                  ^^              ^

+ {'data': '登陆成功！', 'message': '操作成功！', 'status': 1}
?           ^^^^                  ^^              ^

2021-08-05 17:23:38,079 - [read_excel.py -->line:38] - INFO : 正在读取excel数据, file_path--> D:\Python\pythonproject\api_automation_ebuy\data\api_automation_ebuy.xlsx, sheet_name--> login
2021-08-05 17:23:38,100 - [read_excel.py -->line:192] - INFO : 正在写入数据, row--> 4, column--> 9, value--> {'data': '登陆成功！', 'message': '操作成功！', 'status': 1}
2021-08-05 17:23:38,122 - [read_excel.py -->line:49] - INFO : 正在关闭工作簿, file_path--> D:\Python\pythonproject\api_automation_ebuy\data\api_automation_ebuy.xlsx, sheet_name--> login
2021-08-05 17:23:38,123 - [read_excel.py -->line:38] - INFO : 正在读取excel数据, file_path--> D:\Python\pythonproject\api_automation_ebuy\data\api_automation_ebuy.xlsx, sheet_name--> login
2021-08-05 17:23:38,141 - [read_excel.py -->line:192] - INFO : 正在写入数据, row--> 4, column--> 10, value--> FAIL
2021-08-05 17:23:38,162 - [read_excel.py -->line:49] - INFO : 正在关闭工作簿, file_path--> D:\Python\pythonproject\api_automation_ebuy\data\api_automation_ebuy.xlsx, sheet_name--> login
2021-08-05 17:23:38,162 - [http_request.py -->line:37] - INFO : 正在发送请求,地址:http://localhost:8080/ebuy/Login,方法:post,参数:{'loginName': '', 'password': '123456', 'action': 'login'},类型:form-data,请求头:{'User-Agent': 'Apache-HttpClient/4.5.12 (Java/1.8.0_261)'}
2021-08-05 17:23:40,178 - [test_login.py -->line:62] - ERROR : {'data': '请输入用户名！', 'message': '操作失败！', 'status': 0} != {'data': '登陆成功！', 'message': '操作成功！', 'status': 1}
- {'data': '请输入用户名！', 'message': '操作失败！', 'status': 0}
?           ^^^^^^                  ^^              ^

+ {'data': '登陆成功！', 'message': '操作成功！', 'status': 1}
?           ^^^^                  ^^              ^
Traceback (most recent call last):
  File "D:\Python\pythonproject\api_automation_ebuy\test_cases\test_login.py", line 59, in test_login
    self.assertEqual(eval(case.expected_data), res)
  File "C:\Users\99162\AppData\Local\Programs\Python\Python37\lib\unittest\case.py", line 852, in assertEqual
    assertion_func(first, second, msg=msg)
  File "C:\Users\99162\AppData\Local\Programs\Python\Python37\lib\unittest\case.py", line 1151, in assertDictEqual
    self.fail(self._formatMessage(msg, standardMsg))
  File "C:\Users\99162\AppData\Local\Programs\Python\Python37\lib\unittest\case.py", line 693, in fail
    raise self.failureException(msg)
AssertionError: {'data': '请输入用户名！', 'message': '操作失败！', 'status': 0} != {'data': '登陆成功！', 'message': '操作成功！', 'status': 1}
- {'data': '请输入用户名！', 'message': '操作失败！', 'status': 0}
?           ^^^^^^                  ^^              ^

+ {'data': '登陆成功！', 'message': '操作成功！', 'status': 1}
?           ^^^^                  ^^              ^

2021-08-05 17:23:40,179 - [read_excel.py -->line:38] - INFO : 正在读取excel数据, file_path--> D:\Python\pythonproject\api_automation_ebuy\data\api_automation_ebuy.xlsx, sheet_name--> login
2021-08-05 17:23:40,201 - [read_excel.py -->line:192] - INFO : 正在写入数据, row--> 5, column--> 9, value--> {'data': '登陆成功！', 'message': '操作成功！', 'status': 1}
2021-08-05 17:23:40,222 - [read_excel.py -->line:49] - INFO : 正在关闭工作簿, file_path--> D:\Python\pythonproject\api_automation_ebuy\data\api_automation_ebuy.xlsx, sheet_name--> login
2021-08-05 17:23:40,222 - [read_excel.py -->line:38] - INFO : 正在读取excel数据, file_path--> D:\Python\pythonproject\api_automation_ebuy\data\api_automation_ebuy.xlsx, sheet_name--> login
2021-08-05 17:23:40,241 - [read_excel.py -->line:192] - INFO : 正在写入数据, row--> 5, column--> 10, value--> FAIL
2021-08-05 17:23:40,260 - [read_excel.py -->line:49] - INFO : 正在关闭工作簿, file_path--> D:\Python\pythonproject\api_automation_ebuy\data\api_automation_ebuy.xlsx, sheet_name--> login
2021-08-05 17:23:40,261 - [http_request.py -->line:37] - INFO : 正在发送请求,地址:http://localhost:8080/ebuy/Login,方法:post,参数:{'loginName': 'dfsagas', 'password': '123456', 'action': 'login'},类型:form-data,请求头:{'User-Agent': 'Apache-HttpClient/4.5.12 (Java/1.8.0_261)'}
2021-08-05 17:23:42,279 - [test_login.py -->line:66] - INFO : 预期结果:{'message': '用户不存在！', 'status': -1}, 实际结果:{'message': '用户不存在！', 'status': -1}, 断言结果:PASS
2021-08-05 17:23:42,280 - [read_excel.py -->line:38] - INFO : 正在读取excel数据, file_path--> D:\Python\pythonproject\api_automation_ebuy\data\api_automation_ebuy.xlsx, sheet_name--> login
2021-08-05 17:23:42,302 - [read_excel.py -->line:192] - INFO : 正在写入数据, row--> 6, column--> 9, value--> {'message': '用户不存在！', 'status': -1}
2021-08-05 17:23:42,323 - [read_excel.py -->line:49] - INFO : 正在关闭工作簿, file_path--> D:\Python\pythonproject\api_automation_ebuy\data\api_automation_ebuy.xlsx, sheet_name--> login
2021-08-05 17:23:42,323 - [read_excel.py -->line:38] - INFO : 正在读取excel数据, file_path--> D:\Python\pythonproject\api_automation_ebuy\data\api_automation_ebuy.xlsx, sheet_name--> login
2021-08-05 17:23:42,343 - [read_excel.py -->line:192] - INFO : 正在写入数据, row--> 6, column--> 10, value--> PASS
2021-08-05 17:23:42,363 - [read_excel.py -->line:49] - INFO : 正在关闭工作簿, file_path--> D:\Python\pythonproject\api_automation_ebuy\data\api_automation_ebuy.xlsx, sheet_name--> login
2021-08-05 17:23:42,363 - [http_request.py -->line:37] - INFO : 正在发送请求,地址:http://localhost:8080/ebuy/Login,方法:post,参数:{'loginName': 'cgn', 'password': '', 'action': 'login'},类型:form-data,请求头:{'User-Agent': 'Apache-HttpClient/4.5.12 (Java/1.8.0_261)'}
2021-08-05 17:23:44,378 - [test_login.py -->line:66] - INFO : 预期结果:{'message': '密码错误！', 'status': -1}, 实际结果:{'message': '密码错误！', 'status': -1}, 断言结果:PASS
2021-08-05 17:23:44,378 - [read_excel.py -->line:38] - INFO : 正在读取excel数据, file_path--> D:\Python\pythonproject\api_automation_ebuy\data\api_automation_ebuy.xlsx, sheet_name--> login
2021-08-05 17:23:44,401 - [read_excel.py -->line:192] - INFO : 正在写入数据, row--> 7, column--> 9, value--> {'message': '密码错误！', 'status': -1}
2021-08-05 17:23:44,422 - [read_excel.py -->line:49] - INFO : 正在关闭工作簿, file_path--> D:\Python\pythonproject\api_automation_ebuy\data\api_automation_ebuy.xlsx, sheet_name--> login
2021-08-05 17:23:44,422 - [read_excel.py -->line:38] - INFO : 正在读取excel数据, file_path--> D:\Python\pythonproject\api_automation_ebuy\data\api_automation_ebuy.xlsx, sheet_name--> login
2021-08-05 17:23:44,440 - [read_excel.py -->line:192] - INFO : 正在写入数据, row--> 7, column--> 10, value--> PASS
2021-08-05 17:23:44,461 - [read_excel.py -->line:49] - INFO : 正在关闭工作簿, file_path--> D:\Python\pythonproject\api_automation_ebuy\data\api_automation_ebuy.xlsx, sheet_name--> login
2021-08-05 17:23:44,461 - [http_request.py -->line:37] - INFO : 正在发送请求,地址:http://localhost:8080/ebuy/Login,方法:post,参数:{'loginName': 'cgn', 'password': '111111', 'action': 'login'},类型:form-data,请求头:{'User-Agent': 'Apache-HttpClient/4.5.12 (Java/1.8.0_261)'}
2021-08-05 17:23:46,472 - [test_login.py -->line:66] - INFO : 预期结果:{'message': '密码错误！', 'status': -1}, 实际结果:{'message': '密码错误！', 'status': -1}, 断言结果:PASS
2021-08-05 17:23:46,472 - [read_excel.py -->line:38] - INFO : 正在读取excel数据, file_path--> D:\Python\pythonproject\api_automation_ebuy\data\api_automation_ebuy.xlsx, sheet_name--> login
2021-08-05 17:23:46,493 - [read_excel.py -->line:192] - INFO : 正在写入数据, row--> 8, column--> 9, value--> {'message': '密码错误！', 'status': -1}
2021-08-05 17:23:46,515 - [read_excel.py -->line:49] - INFO : 正在关闭工作簿, file_path--> D:\Python\pythonproject\api_automation_ebuy\data\api_automation_ebuy.xlsx, sheet_name--> login
2021-08-05 17:23:46,515 - [read_excel.py -->line:38] - INFO : 正在读取excel数据, file_path--> D:\Python\pythonproject\api_automation_ebuy\data\api_automation_ebuy.xlsx, sheet_name--> login
2021-08-05 17:23:46,534 - [read_excel.py -->line:192] - INFO : 正在写入数据, row--> 8, column--> 10, value--> PASS
2021-08-05 17:23:46,554 - [read_excel.py -->line:49] - INFO : 正在关闭工作簿, file_path--> D:\Python\pythonproject\api_automation_ebuy\data\api_automation_ebuy.xlsx, sheet_name--> login
2021-08-05 17:23:46,554 - [test_login.py -->line:35] - INFO : ============================== 登录接口测试执行完毕 ==============================
2021-08-05 17:23:46,554 - [test_register.py -->line:31] - INFO : ============================== 开始执行注册接口测试 ==============================
2021-08-05 17:23:46,556 - [execute_mysql.py -->line:23] - INFO : 数据库连接成功, host --> localhost, database --> easybuy
2021-08-05 17:23:46,556 - [http_request.py -->line:37] - INFO : 正在发送请求,地址:http://localhost:8080/ebuy/Register,方法:post,参数:{'loginName': 'tester00', 'password': '123456', 'userName': '李易峰', 'action': 'saveUserToDatabase', 'sex': 1, 'email': '362456534@qq.com', 'mobile': '15088661122', 'identityCode': '420116198811255875'},类型:form-data,请求头:{'User-Agent': 'Apache-HttpClient/4.5.12 (Java/1.8.0_261)'}
2021-08-05 17:23:51,566 - [execute_mysql.py -->line:28] - INFO : 正在执行查询数据库, sql --> select userName from easybuy_user where loginName="tester00";
2021-08-05 17:23:51,566 - [execute_mysql.py -->line:34] - INFO : 数据库查询成功, 查询结果 --> {'userName': '李易峰'}
2021-08-05 17:23:51,567 - [http_request.py -->line:37] - INFO : 正在发送请求,地址:http://localhost:8080/ebuy/Login,方法:post,参数:{'loginName': 'tester00', 'password': '123456', 'action': 'login'},类型:form-data,请求头:{'User-Agent': 'Apache-HttpClient/4.5.12 (Java/1.8.0_261)'}
2021-08-05 17:23:52,580 - [test_register.py -->line:86] - ERROR : {'message': '注册成功！', 'status': -1} != {'message': '用户已经存在！', 'status': -1}
- {'message': '注册成功！', 'status': -1}
?              ^^^^

+ {'message': '用户已经存在！', 'status': -1}
?              ^^^^^^
Traceback (most recent call last):
  File "D:\Python\pythonproject\api_automation_ebuy\test_cases\test_register.py", line 81, in test_register
    self.assertEqual(eval(case.expected_data), res)
  File "C:\Users\99162\AppData\Local\Programs\Python\Python37\lib\unittest\case.py", line 852, in assertEqual
    assertion_func(first, second, msg=msg)
  File "C:\Users\99162\AppData\Local\Programs\Python\Python37\lib\unittest\case.py", line 1151, in assertDictEqual
    self.fail(self._formatMessage(msg, standardMsg))
  File "C:\Users\99162\AppData\Local\Programs\Python\Python37\lib\unittest\case.py", line 693, in fail
    raise self.failureException(msg)
AssertionError: {'message': '注册成功！', 'status': -1} != {'message': '用户已经存在！', 'status': -1}
- {'message': '注册成功！', 'status': -1}
?              ^^^^

+ {'message': '用户已经存在！', 'status': -1}
?              ^^^^^^

2021-08-05 17:23:52,581 - [read_excel.py -->line:38] - INFO : 正在读取excel数据, file_path--> D:\Python\pythonproject\api_automation_ebuy\data\api_automation_ebuy.xlsx, sheet_name--> register
2021-08-05 17:23:52,603 - [read_excel.py -->line:192] - INFO : 正在写入数据, row--> 2, column--> 9, value--> {'message': '用户已经存在！', 'status': -1}
2021-08-05 17:23:52,624 - [read_excel.py -->line:49] - INFO : 正在关闭工作簿, file_path--> D:\Python\pythonproject\api_automation_ebuy\data\api_automation_ebuy.xlsx, sheet_name--> register
2021-08-05 17:23:52,624 - [read_excel.py -->line:38] - INFO : 正在读取excel数据, file_path--> D:\Python\pythonproject\api_automation_ebuy\data\api_automation_ebuy.xlsx, sheet_name--> register
2021-08-05 17:23:52,644 - [read_excel.py -->line:192] - INFO : 正在写入数据, row--> 2, column--> 10, value--> FAIL
2021-08-05 17:23:52,663 - [read_excel.py -->line:49] - INFO : 正在关闭工作簿, file_path--> D:\Python\pythonproject\api_automation_ebuy\data\api_automation_ebuy.xlsx, sheet_name--> register
2021-08-05 17:23:52,664 - [http_request.py -->line:37] - INFO : 正在发送请求,地址:http://localhost:8080/ebuy/Register,方法:post,参数:{'loginName': 'tester01', 'password': '123456', 'userName': '王武', 'action': 'saveUserToDatabase', 'sex': 0, 'email': '362456534@qq.com', 'mobile': '15088661122', 'identityCode': '420116198811255875'},类型:form-data,请求头:{'User-Agent': 'Apache-HttpClient/4.5.12 (Java/1.8.0_261)'}
2021-08-05 17:23:57,692 - [execute_mysql.py -->line:28] - INFO : 正在执行查询数据库, sql --> select userName from easybuy_user where loginName="tester01";
2021-08-05 17:23:57,692 - [execute_mysql.py -->line:34] - INFO : 数据库查询成功, 查询结果 --> {'userName': '王武'}
2021-08-05 17:23:57,693 - [http_request.py -->line:37] - INFO : 正在发送请求,地址:http://localhost:8080/ebuy/Login,方法:post,参数:{'loginName': 'tester01', 'password': '123456', 'action': 'login'},类型:form-data,请求头:{'User-Agent': 'Apache-HttpClient/4.5.12 (Java/1.8.0_261)'}
2021-08-05 17:23:58,707 - [test_register.py -->line:86] - ERROR : {'message': '注册成功！', 'status': -1} != {'message': '用户已经存在！', 'status': -1}
- {'message': '注册成功！', 'status': -1}
?              ^^^^

+ {'message': '用户已经存在！', 'status': -1}
?              ^^^^^^
Traceback (most recent call last):
  File "D:\Python\pythonproject\api_automation_ebuy\test_cases\test_register.py", line 81, in test_register
    self.assertEqual(eval(case.expected_data), res)
  File "C:\Users\99162\AppData\Local\Programs\Python\Python37\lib\unittest\case.py", line 852, in assertEqual
    assertion_func(first, second, msg=msg)
  File "C:\Users\99162\AppData\Local\Programs\Python\Python37\lib\unittest\case.py", line 1151, in assertDictEqual
    self.fail(self._formatMessage(msg, standardMsg))
  File "C:\Users\99162\AppData\Local\Programs\Python\Python37\lib\unittest\case.py", line 693, in fail
    raise self.failureException(msg)
AssertionError: {'message': '注册成功！', 'status': -1} != {'message': '用户已经存在！', 'status': -1}
- {'message': '注册成功！', 'status': -1}
?              ^^^^

+ {'message': '用户已经存在！', 'status': -1}
?              ^^^^^^

2021-08-05 17:23:58,707 - [read_excel.py -->line:38] - INFO : 正在读取excel数据, file_path--> D:\Python\pythonproject\api_automation_ebuy\data\api_automation_ebuy.xlsx, sheet_name--> register
2021-08-05 17:23:58,728 - [read_excel.py -->line:192] - INFO : 正在写入数据, row--> 3, column--> 9, value--> {'message': '用户已经存在！', 'status': -1}
2021-08-05 17:23:58,750 - [read_excel.py -->line:49] - INFO : 正在关闭工作簿, file_path--> D:\Python\pythonproject\api_automation_ebuy\data\api_automation_ebuy.xlsx, sheet_name--> register
2021-08-05 17:23:58,750 - [read_excel.py -->line:38] - INFO : 正在读取excel数据, file_path--> D:\Python\pythonproject\api_automation_ebuy\data\api_automation_ebuy.xlsx, sheet_name--> register
2021-08-05 17:23:58,769 - [read_excel.py -->line:192] - INFO : 正在写入数据, row--> 3, column--> 10, value--> FAIL
2021-08-05 17:23:58,790 - [read_excel.py -->line:49] - INFO : 正在关闭工作簿, file_path--> D:\Python\pythonproject\api_automation_ebuy\data\api_automation_ebuy.xlsx, sheet_name--> register
2021-08-05 17:23:58,790 - [http_request.py -->line:37] - INFO : 正在发送请求,地址:http://localhost:8080/ebuy/Register,方法:post,参数:{'loginName': 'admin', 'password': '123456', 'userName': '王武', 'action': 'saveUserToDatabase', 'sex': 0, 'email': '362456534@qq.com', 'mobile': '15088661122', 'identityCode': '420116198811255875'},类型:form-data,请求头:{'User-Agent': 'Apache-HttpClient/4.5.12 (Java/1.8.0_261)'}
2021-08-05 17:24:03,798 - [test_register.py -->line:90] - INFO : 预期结果:{'message': '用户已经存在！', 'status': -1}, 实际结果:{'message': '用户已经存在！', 'status': -1}, 断言结果:PASS
2021-08-05 17:24:03,798 - [read_excel.py -->line:38] - INFO : 正在读取excel数据, file_path--> D:\Python\pythonproject\api_automation_ebuy\data\api_automation_ebuy.xlsx, sheet_name--> register
2021-08-05 17:24:03,820 - [read_excel.py -->line:192] - INFO : 正在写入数据, row--> 4, column--> 9, value--> {'message': '用户已经存在！', 'status': -1}
2021-08-05 17:24:03,840 - [read_excel.py -->line:49] - INFO : 正在关闭工作簿, file_path--> D:\Python\pythonproject\api_automation_ebuy\data\api_automation_ebuy.xlsx, sheet_name--> register
2021-08-05 17:24:03,840 - [read_excel.py -->line:38] - INFO : 正在读取excel数据, file_path--> D:\Python\pythonproject\api_automation_ebuy\data\api_automation_ebuy.xlsx, sheet_name--> register
2021-08-05 17:24:03,859 - [read_excel.py -->line:192] - INFO : 正在写入数据, row--> 4, column--> 10, value--> PASS
2021-08-05 17:24:03,878 - [read_excel.py -->line:49] - INFO : 正在关闭工作簿, file_path--> D:\Python\pythonproject\api_automation_ebuy\data\api_automation_ebuy.xlsx, sheet_name--> register
2021-08-05 17:24:03,878 - [http_request.py -->line:37] - INFO : 正在发送请求,地址:http://localhost:8080/ebuy/Register,方法:post,参数:{'loginName': '', 'password': '123456', 'userName': '王武', 'action': 'saveUserToDatabase', 'sex': 0, 'email': '362456534@qq.com', 'mobile': '15088661122', 'identityCode': '420116198811255875'},类型:form-data,请求头:{'User-Agent': 'Apache-HttpClient/4.5.12 (Java/1.8.0_261)'}
2021-08-05 17:24:08,908 - [test_register.py -->line:90] - INFO : 预期结果:{'message': '用户已经存在！', 'status': -1}, 实际结果:{'message': '用户已经存在！', 'status': -1}, 断言结果:PASS
2021-08-05 17:24:08,908 - [read_excel.py -->line:38] - INFO : 正在读取excel数据, file_path--> D:\Python\pythonproject\api_automation_ebuy\data\api_automation_ebuy.xlsx, sheet_name--> register
2021-08-05 17:24:08,929 - [read_excel.py -->line:192] - INFO : 正在写入数据, row--> 5, column--> 9, value--> {'message': '用户已经存在！', 'status': -1}
2021-08-05 17:24:08,948 - [read_excel.py -->line:49] - INFO : 正在关闭工作簿, file_path--> D:\Python\pythonproject\api_automation_ebuy\data\api_automation_ebuy.xlsx, sheet_name--> register
2021-08-05 17:24:08,948 - [read_excel.py -->line:38] - INFO : 正在读取excel数据, file_path--> D:\Python\pythonproject\api_automation_ebuy\data\api_automation_ebuy.xlsx, sheet_name--> register
2021-08-05 17:24:08,968 - [read_excel.py -->line:192] - INFO : 正在写入数据, row--> 5, column--> 10, value--> PASS
2021-08-05 17:24:08,988 - [read_excel.py -->line:49] - INFO : 正在关闭工作簿, file_path--> D:\Python\pythonproject\api_automation_ebuy\data\api_automation_ebuy.xlsx, sheet_name--> register
2021-08-05 17:24:08,989 - [http_request.py -->line:37] - INFO : 正在发送请求,地址:http://localhost:8080/ebuy/Register,方法:post,参数:{'loginName': 'tester30', 'password': '', 'userName': '王武', 'action': 'saveUserToDatabase', 'sex': 0, 'email': '362456534@qq.com', 'mobile': '15088661122', 'identityCode': '420116198811255875'},类型:form-data,请求头:{'User-Agent': 'Apache-HttpClient/4.5.12 (Java/1.8.0_261)'}
2021-08-05 17:24:14,016 - [test_register.py -->line:86] - ERROR : {'message': '密码不能为空！', 'status': -1} != {'message': '用户已经存在！', 'status': -1}
- {'message': '密码不能为空！', 'status': -1}
?              ^^^^^^

+ {'message': '用户已经存在！', 'status': -1}
?              ^^^^^^
Traceback (most recent call last):
  File "D:\Python\pythonproject\api_automation_ebuy\test_cases\test_register.py", line 81, in test_register
    self.assertEqual(eval(case.expected_data), res)
  File "C:\Users\99162\AppData\Local\Programs\Python\Python37\lib\unittest\case.py", line 852, in assertEqual
    assertion_func(first, second, msg=msg)
  File "C:\Users\99162\AppData\Local\Programs\Python\Python37\lib\unittest\case.py", line 1151, in assertDictEqual
    self.fail(self._formatMessage(msg, standardMsg))
  File "C:\Users\99162\AppData\Local\Programs\Python\Python37\lib\unittest\case.py", line 693, in fail
    raise self.failureException(msg)
AssertionError: {'message': '密码不能为空！', 'status': -1} != {'message': '用户已经存在！', 'status': -1}
- {'message': '密码不能为空！', 'status': -1}
?              ^^^^^^

+ {'message': '用户已经存在！', 'status': -1}
?              ^^^^^^

2021-08-05 17:24:14,016 - [read_excel.py -->line:38] - INFO : 正在读取excel数据, file_path--> D:\Python\pythonproject\api_automation_ebuy\data\api_automation_ebuy.xlsx, sheet_name--> register
2021-08-05 17:24:14,038 - [read_excel.py -->line:192] - INFO : 正在写入数据, row--> 6, column--> 9, value--> {'message': '用户已经存在！', 'status': -1}
2021-08-05 17:24:14,074 - [read_excel.py -->line:49] - INFO : 正在关闭工作簿, file_path--> D:\Python\pythonproject\api_automation_ebuy\data\api_automation_ebuy.xlsx, sheet_name--> register
2021-08-05 17:24:14,074 - [read_excel.py -->line:38] - INFO : 正在读取excel数据, file_path--> D:\Python\pythonproject\api_automation_ebuy\data\api_automation_ebuy.xlsx, sheet_name--> register
2021-08-05 17:24:14,096 - [read_excel.py -->line:192] - INFO : 正在写入数据, row--> 6, column--> 10, value--> FAIL
2021-08-05 17:24:14,116 - [read_excel.py -->line:49] - INFO : 正在关闭工作簿, file_path--> D:\Python\pythonproject\api_automation_ebuy\data\api_automation_ebuy.xlsx, sheet_name--> register
2021-08-05 17:24:14,116 - [http_request.py -->line:37] - INFO : 正在发送请求,地址:http://localhost:8080/ebuy/Register,方法:post,参数:{'loginName': 'tester02', 'password': '123456', 'userName': '王武', 'action': 'saveUserToDatabase', 'sex': 2, 'email': '362456534@qq.com', 'mobile': '15088661122', 'identityCode': '420116198811255875'},类型:form-data,请求头:{'User-Agent': 'Apache-HttpClient/4.5.12 (Java/1.8.0_261)'}
2021-08-05 17:24:19,149 - [test_register.py -->line:86] - ERROR : {'message': 'sex参数错误！', 'status': -1} != {'message': '用户已经存在！', 'status': -1}
- {'message': 'sex参数错误！', 'status': -1}
?              ^^^^^^^

+ {'message': '用户已经存在！', 'status': -1}
?              ^^^^^^
Traceback (most recent call last):
  File "D:\Python\pythonproject\api_automation_ebuy\test_cases\test_register.py", line 81, in test_register
    self.assertEqual(eval(case.expected_data), res)
  File "C:\Users\99162\AppData\Local\Programs\Python\Python37\lib\unittest\case.py", line 852, in assertEqual
    assertion_func(first, second, msg=msg)
  File "C:\Users\99162\AppData\Local\Programs\Python\Python37\lib\unittest\case.py", line 1151, in assertDictEqual
    self.fail(self._formatMessage(msg, standardMsg))
  File "C:\Users\99162\AppData\Local\Programs\Python\Python37\lib\unittest\case.py", line 693, in fail
    raise self.failureException(msg)
AssertionError: {'message': 'sex参数错误！', 'status': -1} != {'message': '用户已经存在！', 'status': -1}
- {'message': 'sex参数错误！', 'status': -1}
?              ^^^^^^^

+ {'message': '用户已经存在！', 'status': -1}
?              ^^^^^^

2021-08-05 17:24:19,149 - [read_excel.py -->line:38] - INFO : 正在读取excel数据, file_path--> D:\Python\pythonproject\api_automation_ebuy\data\api_automation_ebuy.xlsx, sheet_name--> register
2021-08-05 17:24:19,170 - [read_excel.py -->line:192] - INFO : 正在写入数据, row--> 7, column--> 9, value--> {'message': '用户已经存在！', 'status': -1}
2021-08-05 17:24:19,192 - [read_excel.py -->line:49] - INFO : 正在关闭工作簿, file_path--> D:\Python\pythonproject\api_automation_ebuy\data\api_automation_ebuy.xlsx, sheet_name--> register
2021-08-05 17:24:19,192 - [read_excel.py -->line:38] - INFO : 正在读取excel数据, file_path--> D:\Python\pythonproject\api_automation_ebuy\data\api_automation_ebuy.xlsx, sheet_name--> register
2021-08-05 17:24:19,211 - [read_excel.py -->line:192] - INFO : 正在写入数据, row--> 7, column--> 10, value--> FAIL
2021-08-05 17:24:19,231 - [read_excel.py -->line:49] - INFO : 正在关闭工作簿, file_path--> D:\Python\pythonproject\api_automation_ebuy\data\api_automation_ebuy.xlsx, sheet_name--> register
2021-08-05 17:24:19,232 - [http_request.py -->line:37] - INFO : 正在发送请求,地址:http://localhost:8080/ebuy/Register,方法:post,参数:{'loginName': 'tester05', 'password': '123456', 'userName': '王武', 'action': 'saveUserToDatabase', 'sex': 0, 'email': '', 'mobile': '15088661122', 'identityCode': '420116198811255875'},类型:form-data,请求头:{'User-Agent': 'Apache-HttpClient/4.5.12 (Java/1.8.0_261)'}
2021-08-05 17:24:24,255 - [test_register.py -->line:86] - ERROR : {'message': '注册成功！', 'status': -1} != {'message': '用户已经存在！', 'status': -1}
- {'message': '注册成功！', 'status': -1}
?              ^^^^

+ {'message': '用户已经存在！', 'status': -1}
?              ^^^^^^
Traceback (most recent call last):
  File "D:\Python\pythonproject\api_automation_ebuy\test_cases\test_register.py", line 81, in test_register
    self.assertEqual(eval(case.expected_data), res)
  File "C:\Users\99162\AppData\Local\Programs\Python\Python37\lib\unittest\case.py", line 852, in assertEqual
    assertion_func(first, second, msg=msg)
  File "C:\Users\99162\AppData\Local\Programs\Python\Python37\lib\unittest\case.py", line 1151, in assertDictEqual
    self.fail(self._formatMessage(msg, standardMsg))
  File "C:\Users\99162\AppData\Local\Programs\Python\Python37\lib\unittest\case.py", line 693, in fail
    raise self.failureException(msg)
AssertionError: {'message': '注册成功！', 'status': -1} != {'message': '用户已经存在！', 'status': -1}
- {'message': '注册成功！', 'status': -1}
?              ^^^^

+ {'message': '用户已经存在！', 'status': -1}
?              ^^^^^^

2021-08-05 17:24:24,255 - [read_excel.py -->line:38] - INFO : 正在读取excel数据, file_path--> D:\Python\pythonproject\api_automation_ebuy\data\api_automation_ebuy.xlsx, sheet_name--> register
2021-08-05 17:24:24,278 - [read_excel.py -->line:192] - INFO : 正在写入数据, row--> 8, column--> 9, value--> {'message': '用户已经存在！', 'status': -1}
2021-08-05 17:24:24,300 - [read_excel.py -->line:49] - INFO : 正在关闭工作簿, file_path--> D:\Python\pythonproject\api_automation_ebuy\data\api_automation_ebuy.xlsx, sheet_name--> register
2021-08-05 17:24:24,300 - [read_excel.py -->line:38] - INFO : 正在读取excel数据, file_path--> D:\Python\pythonproject\api_automation_ebuy\data\api_automation_ebuy.xlsx, sheet_name--> register
2021-08-05 17:24:24,320 - [read_excel.py -->line:192] - INFO : 正在写入数据, row--> 8, column--> 10, value--> FAIL
2021-08-05 17:24:24,339 - [read_excel.py -->line:49] - INFO : 正在关闭工作簿, file_path--> D:\Python\pythonproject\api_automation_ebuy\data\api_automation_ebuy.xlsx, sheet_name--> register
2021-08-05 17:24:24,340 - [http_request.py -->line:37] - INFO : 正在发送请求,地址:http://localhost:8080/ebuy/Register,方法:post,参数:{'loginName': 'tester001', 'password': '123456', 'userName': '王武', 'action': 'saveUserToDatabase', 'sex': 0, 'email': '362456534@qq.com', 'mobile': '', 'identityCode': '420116198811255875'},类型:form-data,请求头:{'User-Agent': 'Apache-HttpClient/4.5.12 (Java/1.8.0_261)'}
2021-08-05 17:24:29,366 - [test_register.py -->line:86] - ERROR : {'message': '注册成功！', 'status': -1} != {'message': '用户已经存在！', 'status': -1}
- {'message': '注册成功！', 'status': -1}
?              ^^^^

+ {'message': '用户已经存在！', 'status': -1}
?              ^^^^^^
Traceback (most recent call last):
  File "D:\Python\pythonproject\api_automation_ebuy\test_cases\test_register.py", line 81, in test_register
    self.assertEqual(eval(case.expected_data), res)
  File "C:\Users\99162\AppData\Local\Programs\Python\Python37\lib\unittest\case.py", line 852, in assertEqual
    assertion_func(first, second, msg=msg)
  File "C:\Users\99162\AppData\Local\Programs\Python\Python37\lib\unittest\case.py", line 1151, in assertDictEqual
    self.fail(self._formatMessage(msg, standardMsg))
  File "C:\Users\99162\AppData\Local\Programs\Python\Python37\lib\unittest\case.py", line 693, in fail
    raise self.failureException(msg)
AssertionError: {'message': '注册成功！', 'status': -1} != {'message': '用户已经存在！', 'status': -1}
- {'message': '注册成功！', 'status': -1}
?              ^^^^

+ {'message': '用户已经存在！', 'status': -1}
?              ^^^^^^

2021-08-05 17:24:29,367 - [read_excel.py -->line:38] - INFO : 正在读取excel数据, file_path--> D:\Python\pythonproject\api_automation_ebuy\data\api_automation_ebuy.xlsx, sheet_name--> register
2021-08-05 17:24:29,389 - [read_excel.py -->line:192] - INFO : 正在写入数据, row--> 9, column--> 9, value--> {'message': '用户已经存在！', 'status': -1}
2021-08-05 17:24:29,410 - [read_excel.py -->line:49] - INFO : 正在关闭工作簿, file_path--> D:\Python\pythonproject\api_automation_ebuy\data\api_automation_ebuy.xlsx, sheet_name--> register
2021-08-05 17:24:29,411 - [read_excel.py -->line:38] - INFO : 正在读取excel数据, file_path--> D:\Python\pythonproject\api_automation_ebuy\data\api_automation_ebuy.xlsx, sheet_name--> register
2021-08-05 17:24:29,430 - [read_excel.py -->line:192] - INFO : 正在写入数据, row--> 9, column--> 10, value--> FAIL
2021-08-05 17:24:29,449 - [read_excel.py -->line:49] - INFO : 正在关闭工作簿, file_path--> D:\Python\pythonproject\api_automation_ebuy\data\api_automation_ebuy.xlsx, sheet_name--> register
2021-08-05 17:24:29,450 - [http_request.py -->line:37] - INFO : 正在发送请求,地址:http://localhost:8080/ebuy/Register,方法:post,参数:{'loginName': 'tester04', 'password': '123456', 'userName': '王武', 'action': 'saveUserToDatabase', 'sex': 0, 'email': '362456534@qq.com', 'mobile': '15088661122', 'identityCode': ''},类型:form-data,请求头:{'User-Agent': 'Apache-HttpClient/4.5.12 (Java/1.8.0_261)'}
2021-08-05 17:24:34,456 - [test_register.py -->line:86] - ERROR : {'message': '注册成功！', 'status': -1} != {'message': '用户已经存在！', 'status': -1}
- {'message': '注册成功！', 'status': -1}
?              ^^^^

+ {'message': '用户已经存在！', 'status': -1}
?              ^^^^^^
Traceback (most recent call last):
  File "D:\Python\pythonproject\api_automation_ebuy\test_cases\test_register.py", line 81, in test_register
    self.assertEqual(eval(case.expected_data), res)
  File "C:\Users\99162\AppData\Local\Programs\Python\Python37\lib\unittest\case.py", line 852, in assertEqual
    assertion_func(first, second, msg=msg)
  File "C:\Users\99162\AppData\Local\Programs\Python\Python37\lib\unittest\case.py", line 1151, in assertDictEqual
    self.fail(self._formatMessage(msg, standardMsg))
  File "C:\Users\99162\AppData\Local\Programs\Python\Python37\lib\unittest\case.py", line 693, in fail
    raise self.failureException(msg)
AssertionError: {'message': '注册成功！', 'status': -1} != {'message': '用户已经存在！', 'status': -1}
- {'message': '注册成功！', 'status': -1}
?              ^^^^

+ {'message': '用户已经存在！', 'status': -1}
?              ^^^^^^

2021-08-05 17:24:34,457 - [read_excel.py -->line:38] - INFO : 正在读取excel数据, file_path--> D:\Python\pythonproject\api_automation_ebuy\data\api_automation_ebuy.xlsx, sheet_name--> register
2021-08-05 17:24:34,478 - [read_excel.py -->line:192] - INFO : 正在写入数据, row--> 10, column--> 9, value--> {'message': '用户已经存在！', 'status': -1}
2021-08-05 17:24:34,501 - [read_excel.py -->line:49] - INFO : 正在关闭工作簿, file_path--> D:\Python\pythonproject\api_automation_ebuy\data\api_automation_ebuy.xlsx, sheet_name--> register
2021-08-05 17:24:34,501 - [read_excel.py -->line:38] - INFO : 正在读取excel数据, file_path--> D:\Python\pythonproject\api_automation_ebuy\data\api_automation_ebuy.xlsx, sheet_name--> register
2021-08-05 17:24:34,520 - [read_excel.py -->line:192] - INFO : 正在写入数据, row--> 10, column--> 10, value--> FAIL
2021-08-05 17:24:34,541 - [read_excel.py -->line:49] - INFO : 正在关闭工作簿, file_path--> D:\Python\pythonproject\api_automation_ebuy\data\api_automation_ebuy.xlsx, sheet_name--> register
2021-08-05 17:24:34,542 - [test_register.py -->line:37] - INFO : ============================== 注册接口测试执行完毕 ==============================
