2021-08-05 21:18:47,398 - [read_excel.py -->line:38] - INFO : 正在读取excel数据, file_path--> D:\Python\pythonproject\api_automation_ebuy\data\api_automation_ebuy.xlsx, sheet_name--> login
2021-08-05 21:18:47,433 - [read_excel.py -->line:49] - INFO : 正在关闭工作簿, file_path--> D:\Python\pythonproject\api_automation_ebuy\data\api_automation_ebuy.xlsx, sheet_name--> login
2021-08-05 21:18:47,441 - [test_login.py -->line:29] - INFO : ============================== 开始执行登录接口测试 ==============================
2021-08-05 21:18:47,442 - [http_request.py -->line:37] - INFO : 正在发送请求,地址:http://localhost:8080/ebuy/Login,方法:post,参数:{'loginName': 'admin', 'password': '123456', 'action': 'login'},类型:form-data,请求头:{'User-Agent': 'Apache-HttpClient/4.5.12 (Java/1.8.0_261)'}
2021-08-05 21:18:50,316 - [test_login.py -->line:65] - INFO : 预期结果:{'data': '登陆成功！', 'message': '操作成功！', 'status': 1}, 实际结果:{'data': '登陆成功！', 'message': '操作成功！', 'status': 1}, 断言结果:PASS
2021-08-05 21:18:50,316 - [read_excel.py -->line:38] - INFO : 正在读取excel数据, file_path--> D:\Python\pythonproject\api_automation_ebuy\data\api_automation_ebuy.xlsx, sheet_name--> login
2021-08-05 21:18:50,355 - [read_excel.py -->line:192] - INFO : 正在写入数据, row--> 2, column--> 9, value--> {'data': '登陆成功！', 'message': '操作成功！', 'status': 1}
2021-08-05 21:18:50,403 - [read_excel.py -->line:49] - INFO : 正在关闭工作簿, file_path--> D:\Python\pythonproject\api_automation_ebuy\data\api_automation_ebuy.xlsx, sheet_name--> login
2021-08-05 21:18:50,403 - [read_excel.py -->line:38] - INFO : 正在读取excel数据, file_path--> D:\Python\pythonproject\api_automation_ebuy\data\api_automation_ebuy.xlsx, sheet_name--> login
2021-08-05 21:18:50,441 - [read_excel.py -->line:192] - INFO : 正在写入数据, row--> 2, column--> 10, value--> PASS
2021-08-05 21:18:50,483 - [read_excel.py -->line:49] - INFO : 正在关闭工作簿, file_path--> D:\Python\pythonproject\api_automation_ebuy\data\api_automation_ebuy.xlsx, sheet_name--> login
2021-08-05 21:18:50,484 - [http_request.py -->line:37] - INFO : 正在发送请求,地址:http://localhost:8080/ebuy/Login,方法:post,参数:{'loginName': 'cgn', 'password': '123456', 'action': 'login'},类型:form-data,请求头:{'User-Agent': 'Apache-HttpClient/4.5.12 (Java/1.8.0_261)'}
2021-08-05 21:18:52,537 - [test_login.py -->line:65] - INFO : 预期结果:{'data': '登陆成功！', 'message': '操作成功！', 'status': 1}, 实际结果:{'data': '登陆成功！', 'message': '操作成功！', 'status': 1}, 断言结果:PASS
2021-08-05 21:18:52,537 - [read_excel.py -->line:38] - INFO : 正在读取excel数据, file_path--> D:\Python\pythonproject\api_automation_ebuy\data\api_automation_ebuy.xlsx, sheet_name--> login
2021-08-05 21:18:52,568 - [read_excel.py -->line:192] - INFO : 正在写入数据, row--> 3, column--> 9, value--> {'data': '登陆成功！', 'message': '操作成功！', 'status': 1}
2021-08-05 21:18:52,597 - [read_excel.py -->line:49] - INFO : 正在关闭工作簿, file_path--> D:\Python\pythonproject\api_automation_ebuy\data\api_automation_ebuy.xlsx, sheet_name--> login
2021-08-05 21:18:52,597 - [read_excel.py -->line:38] - INFO : 正在读取excel数据, file_path--> D:\Python\pythonproject\api_automation_ebuy\data\api_automation_ebuy.xlsx, sheet_name--> login
2021-08-05 21:18:52,626 - [read_excel.py -->line:192] - INFO : 正在写入数据, row--> 3, column--> 10, value--> PASS
2021-08-05 21:18:52,655 - [read_excel.py -->line:49] - INFO : 正在关闭工作簿, file_path--> D:\Python\pythonproject\api_automation_ebuy\data\api_automation_ebuy.xlsx, sheet_name--> login
2021-08-05 21:18:52,655 - [http_request.py -->line:37] - INFO : 正在发送请求,地址:http://localhost:8080/ebuy/Login,方法:post,参数:{'password': '123456', 'action': 'login'},类型:form-data,请求头:{'User-Agent': 'Apache-HttpClient/4.5.12 (Java/1.8.0_261)'}
2021-08-05 21:18:54,694 - [test_login.py -->line:61] - ERROR : {'data': '请输入用户名！', 'message': '操作失败！', 'status': 0} != {'data': '登陆成功！', 'message': '操作成功！', 'status': 1}
- {'data': '请输入用户名！', 'message': '操作失败！', 'status': 0}
?           ^^^^^^                  ^^              ^

+ {'data': '登陆成功！', 'message': '操作成功！', 'status': 1}
?           ^^^^                  ^^              ^
Traceback (most recent call last):
  File "D:\Python\pythonproject\api_automation_ebuy\test_cases\test_login.py", line 58, in test_login
    self.assertEqual(eval(case.expected_data), res)
  File "C:\Users\99162\AppData\Local\Programs\Python\Python37\lib\unittest\case.py", line 852, in assertEqual
    assertion_func(first, second, msg=msg)
  File "C:\Users\99162\AppData\Local\Programs\Python\Python37\lib\unittest\case.py", line 1151, in assertDictEqual
    self.fail(self._formatMessage(msg, standardMsg))
  File "C:\Users\99162\AppData\Local\Programs\Python\Python37\lib\unittest\case.py", line 693, in fail
    raise self.failureException(msg)
AssertionError: {'data': '请输入用户名！', 'message': '操作失败！', 'status': 0} != {'data': '登陆成功！', 'message': '操作成功！', 'status': 1}
- {'data': '请输入用户名！', 'message': '操作失败！', 'status': 0}
?           ^^^^^^                  ^^              ^

+ {'data': '登陆成功！', 'message': '操作成功！', 'status': 1}
?           ^^^^                  ^^              ^

2021-08-05 21:18:54,705 - [read_excel.py -->line:38] - INFO : 正在读取excel数据, file_path--> D:\Python\pythonproject\api_automation_ebuy\data\api_automation_ebuy.xlsx, sheet_name--> login
2021-08-05 21:18:54,749 - [read_excel.py -->line:192] - INFO : 正在写入数据, row--> 4, column--> 9, value--> {'data': '登陆成功！', 'message': '操作成功！', 'status': 1}
2021-08-05 21:18:54,778 - [read_excel.py -->line:49] - INFO : 正在关闭工作簿, file_path--> D:\Python\pythonproject\api_automation_ebuy\data\api_automation_ebuy.xlsx, sheet_name--> login
2021-08-05 21:18:54,778 - [read_excel.py -->line:38] - INFO : 正在读取excel数据, file_path--> D:\Python\pythonproject\api_automation_ebuy\data\api_automation_ebuy.xlsx, sheet_name--> login
2021-08-05 21:18:54,808 - [read_excel.py -->line:192] - INFO : 正在写入数据, row--> 4, column--> 10, value--> FAIL
2021-08-05 21:18:54,838 - [read_excel.py -->line:49] - INFO : 正在关闭工作簿, file_path--> D:\Python\pythonproject\api_automation_ebuy\data\api_automation_ebuy.xlsx, sheet_name--> login
2021-08-05 21:18:54,849 - [http_request.py -->line:37] - INFO : 正在发送请求,地址:http://localhost:8080/ebuy/Login,方法:post,参数:{'loginName': '', 'password': '123456', 'action': 'login'},类型:form-data,请求头:{'User-Agent': 'Apache-HttpClient/4.5.12 (Java/1.8.0_261)'}
2021-08-05 21:18:56,872 - [test_login.py -->line:61] - ERROR : {'data': '请输入用户名！', 'message': '操作失败！', 'status': 0} != {'data': '登陆成功！', 'message': '操作成功！', 'status': 1}
- {'data': '请输入用户名！', 'message': '操作失败！', 'status': 0}
?           ^^^^^^                  ^^              ^

+ {'data': '登陆成功！', 'message': '操作成功！', 'status': 1}
?           ^^^^                  ^^              ^
Traceback (most recent call last):
  File "D:\Python\pythonproject\api_automation_ebuy\test_cases\test_login.py", line 58, in test_login
    self.assertEqual(eval(case.expected_data), res)
  File "C:\Users\99162\AppData\Local\Programs\Python\Python37\lib\unittest\case.py", line 852, in assertEqual
    assertion_func(first, second, msg=msg)
  File "C:\Users\99162\AppData\Local\Programs\Python\Python37\lib\unittest\case.py", line 1151, in assertDictEqual
    self.fail(self._formatMessage(msg, standardMsg))
  File "C:\Users\99162\AppData\Local\Programs\Python\Python37\lib\unittest\case.py", line 693, in fail
    raise self.failureException(msg)
AssertionError: {'data': '请输入用户名！', 'message': '操作失败！', 'status': 0} != {'data': '登陆成功！', 'message': '操作成功！', 'status': 1}
- {'data': '请输入用户名！', 'message': '操作失败！', 'status': 0}
?           ^^^^^^                  ^^              ^

+ {'data': '登陆成功！', 'message': '操作成功！', 'status': 1}
?           ^^^^                  ^^              ^

2021-08-05 21:18:56,872 - [read_excel.py -->line:38] - INFO : 正在读取excel数据, file_path--> D:\Python\pythonproject\api_automation_ebuy\data\api_automation_ebuy.xlsx, sheet_name--> login
2021-08-05 21:18:56,918 - [read_excel.py -->line:192] - INFO : 正在写入数据, row--> 5, column--> 9, value--> {'data': '登陆成功！', 'message': '操作成功！', 'status': 1}
2021-08-05 21:18:56,948 - [read_excel.py -->line:49] - INFO : 正在关闭工作簿, file_path--> D:\Python\pythonproject\api_automation_ebuy\data\api_automation_ebuy.xlsx, sheet_name--> login
2021-08-05 21:18:56,948 - [read_excel.py -->line:38] - INFO : 正在读取excel数据, file_path--> D:\Python\pythonproject\api_automation_ebuy\data\api_automation_ebuy.xlsx, sheet_name--> login
2021-08-05 21:18:56,976 - [read_excel.py -->line:192] - INFO : 正在写入数据, row--> 5, column--> 10, value--> FAIL
2021-08-05 21:18:57,009 - [read_excel.py -->line:49] - INFO : 正在关闭工作簿, file_path--> D:\Python\pythonproject\api_automation_ebuy\data\api_automation_ebuy.xlsx, sheet_name--> login
2021-08-05 21:18:57,010 - [http_request.py -->line:37] - INFO : 正在发送请求,地址:http://localhost:8080/ebuy/Login,方法:post,参数:{'loginName': 'dfsagas', 'password': '123456', 'action': 'login'},类型:form-data,请求头:{'User-Agent': 'Apache-HttpClient/4.5.12 (Java/1.8.0_261)'}
2021-08-05 21:18:59,037 - [test_login.py -->line:65] - INFO : 预期结果:{'message': '用户不存在！', 'status': -1}, 实际结果:{'message': '用户不存在！', 'status': -1}, 断言结果:PASS
2021-08-05 21:18:59,038 - [read_excel.py -->line:38] - INFO : 正在读取excel数据, file_path--> D:\Python\pythonproject\api_automation_ebuy\data\api_automation_ebuy.xlsx, sheet_name--> login
2021-08-05 21:18:59,089 - [read_excel.py -->line:192] - INFO : 正在写入数据, row--> 6, column--> 9, value--> {'message': '用户不存在！', 'status': -1}
2021-08-05 21:18:59,117 - [read_excel.py -->line:49] - INFO : 正在关闭工作簿, file_path--> D:\Python\pythonproject\api_automation_ebuy\data\api_automation_ebuy.xlsx, sheet_name--> login
2021-08-05 21:18:59,118 - [read_excel.py -->line:38] - INFO : 正在读取excel数据, file_path--> D:\Python\pythonproject\api_automation_ebuy\data\api_automation_ebuy.xlsx, sheet_name--> login
2021-08-05 21:18:59,146 - [read_excel.py -->line:192] - INFO : 正在写入数据, row--> 6, column--> 10, value--> PASS
2021-08-05 21:18:59,175 - [read_excel.py -->line:49] - INFO : 正在关闭工作簿, file_path--> D:\Python\pythonproject\api_automation_ebuy\data\api_automation_ebuy.xlsx, sheet_name--> login
2021-08-05 21:18:59,175 - [http_request.py -->line:37] - INFO : 正在发送请求,地址:http://localhost:8080/ebuy/Login,方法:post,参数:{'loginName': 'cgn', 'password': '', 'action': 'login'},类型:form-data,请求头:{'User-Agent': 'Apache-HttpClient/4.5.12 (Java/1.8.0_261)'}
2021-08-05 21:19:01,202 - [test_login.py -->line:65] - INFO : 预期结果:{'message': '密码错误！', 'status': -1}, 实际结果:{'message': '密码错误！', 'status': -1}, 断言结果:PASS
2021-08-05 21:19:01,203 - [read_excel.py -->line:38] - INFO : 正在读取excel数据, file_path--> D:\Python\pythonproject\api_automation_ebuy\data\api_automation_ebuy.xlsx, sheet_name--> login
2021-08-05 21:19:01,286 - [read_excel.py -->line:192] - INFO : 正在写入数据, row--> 7, column--> 9, value--> {'message': '密码错误！', 'status': -1}
2021-08-05 21:19:01,371 - [read_excel.py -->line:49] - INFO : 正在关闭工作簿, file_path--> D:\Python\pythonproject\api_automation_ebuy\data\api_automation_ebuy.xlsx, sheet_name--> login
2021-08-05 21:19:01,371 - [read_excel.py -->line:38] - INFO : 正在读取excel数据, file_path--> D:\Python\pythonproject\api_automation_ebuy\data\api_automation_ebuy.xlsx, sheet_name--> login
2021-08-05 21:19:01,458 - [read_excel.py -->line:192] - INFO : 正在写入数据, row--> 7, column--> 10, value--> PASS
2021-08-05 21:19:01,570 - [read_excel.py -->line:49] - INFO : 正在关闭工作簿, file_path--> D:\Python\pythonproject\api_automation_ebuy\data\api_automation_ebuy.xlsx, sheet_name--> login
2021-08-05 21:19:01,571 - [http_request.py -->line:37] - INFO : 正在发送请求,地址:http://localhost:8080/ebuy/Login,方法:post,参数:{'loginName': 'cgn', 'password': '111111', 'action': 'login'},类型:form-data,请求头:{'User-Agent': 'Apache-HttpClient/4.5.12 (Java/1.8.0_261)'}
2021-08-05 21:19:03,618 - [test_login.py -->line:65] - INFO : 预期结果:{'message': '密码错误！', 'status': -1}, 实际结果:{'message': '密码错误！', 'status': -1}, 断言结果:PASS
2021-08-05 21:19:03,618 - [read_excel.py -->line:38] - INFO : 正在读取excel数据, file_path--> D:\Python\pythonproject\api_automation_ebuy\data\api_automation_ebuy.xlsx, sheet_name--> login
2021-08-05 21:19:03,653 - [read_excel.py -->line:192] - INFO : 正在写入数据, row--> 8, column--> 9, value--> {'message': '密码错误！', 'status': -1}
2021-08-05 21:19:03,683 - [read_excel.py -->line:49] - INFO : 正在关闭工作簿, file_path--> D:\Python\pythonproject\api_automation_ebuy\data\api_automation_ebuy.xlsx, sheet_name--> login
2021-08-05 21:19:03,683 - [read_excel.py -->line:38] - INFO : 正在读取excel数据, file_path--> D:\Python\pythonproject\api_automation_ebuy\data\api_automation_ebuy.xlsx, sheet_name--> login
2021-08-05 21:19:03,716 - [read_excel.py -->line:192] - INFO : 正在写入数据, row--> 8, column--> 10, value--> PASS
2021-08-05 21:19:03,750 - [read_excel.py -->line:49] - INFO : 正在关闭工作簿, file_path--> D:\Python\pythonproject\api_automation_ebuy\data\api_automation_ebuy.xlsx, sheet_name--> login
2021-08-05 21:19:03,750 - [test_login.py -->line:34] - INFO : ============================== 登录接口测试执行完毕 ==============================
